Main Branch:
rank 0: nverts 104305 nelms 581196
approach_metric moved by factor 0.25
before adapting:
581196 tets, quality [0.12,1.00], 230 in [0.07,0.30], 580966 >0.30
691152 edges, length [0.28,2.46], 6976 <0.71, 546660 in [0.71,1.41], 137516 >1.41
quality histogram:
0.00-0.10: 0
0.10-0.20: 23
0.20-0.30: 207
0.30-0.40: 1562
0.40-0.50: 7675
0.50-0.60: 28451
0.60-0.70: 78405
0.70-0.80: 160648
0.80-0.90: 201995
0.90-1.00: 102230
length histogram:
0.00-0.30: 1
0.30-0.60: 1249
0.60-0.90: 71091
0.90-1.20: 281395
1.20-1.50: 258436
1.50-1.80: 75186
1.80-2.10: 3718
2.10-2.40: 75
2.40-2.70: 1
2.70-3.00: 0
average quality: 0.791275
addressing edge lengths
refining 60426 edges
851751 tets, quality [0.12,1.00], 574 in [0.07,0.30], 851177 >0.30
1024025 edges, length [0.15,2.36], 74031 <0.71, 871351 in [0.71,1.41], 78643 >1.41
coarsening 16329 vertices
785741 tets, quality [0.07,1.00], 747 in [0.07,0.30], 784994 >0.30
941494 edges, length [0.17,2.36], 46380 <0.71, 816657 in [0.71,1.41], 78457 >1.41
refining 46222 edges
1020728 tets, quality [0.07,1.00], 1140 in [0.07,0.30], 1019588 >0.30
1223749 edges, length [0.10,2.36], 141108 <0.71, 1049822 in [0.71,1.41], 32819 >1.41
coarsening 29837 vertices
901617 tets, quality [0.07,1.00], 1866 in [0.07,0.30], 899751 >0.30
1074366 edges, length [0.16,2.36], 76174 <0.71, 965595 in [0.71,1.41], 32597 >1.41
refining 24936 edges
1029765 tets, quality [0.07,1.00], 2260 in [0.07,0.30], 1027505 >0.30
1227791 edges, length [0.14,2.14], 140937 <0.71, 1079117 in [0.71,1.41], 7737 >1.41
coarsening 20002 vertices
949206 tets, quality [0.07,1.00], 3588 in [0.07,0.30], 945618 >0.30
1127021 edges, length [0.17,2.14], 88555 <0.71, 1030793 in [0.71,1.41], 7673 >1.41
refining 6782 edges
982549 tets, quality [0.07,1.00], 3870 in [0.07,0.30], 978679 >0.30
1167202 edges, length [0.13,2.14], 107842 <0.71, 1058462 in [0.71,1.41], 898 >1.41
coarsening 6903 vertices
954176 tets, quality [0.07,1.00], 4203 in [0.07,0.30], 949973 >0.30
1131867 edges, length [0.17,2.14], 88900 <0.71, 1042079 in [0.71,1.41], 888 >1.41
refining 785 edges
957652 tets, quality [0.07,1.00], 4290 in [0.07,0.30], 953362 >0.30
1136131 edges, length [0.17,1.81], 91166 <0.71, 1044861 in [0.71,1.41], 104 >1.41
coarsening 1334 vertices
951826 tets, quality [0.07,1.00], 4266 in [0.07,0.30], 947560 >0.30
1128957 edges, length [0.20,1.81], 87645 <0.71, 1041215 in [0.71,1.41], 97 >1.41
refining 90 edges
952198 tets, quality [0.07,1.00], 4288 in [0.07,0.30], 947910 >0.30
1129419 edges, length [0.18,1.71], 87906 <0.71, 1041506 in [0.71,1.41], 7 >1.41
coarsening 283 vertices
950862 tets, quality [0.07,1.00], 4264 in [0.07,0.30], 946598 >0.30
1127797 edges, length [0.20,1.71], 87170 <0.71, 1040620 in [0.71,1.41], 7 >1.41
refining 4 edges
950880 tets, quality [0.07,1.00], 4265 in [0.07,0.30], 946615 >0.30
1127819 edges, length [0.20,1.53], 87185 <0.71, 1040631 in [0.71,1.41], 3 >1.41
coarsening 46 vertices
950653 tets, quality [0.07,1.00], 4258 in [0.07,0.30], 946395 >0.30
1127544 edges, length [0.20,1.53], 87057 <0.71, 1040484 in [0.71,1.41], 3 >1.41
coarsening 10 vertices
950606 tets, quality [0.07,1.00], 4262 in [0.07,0.30], 946344 >0.30
1127487 edges, length [0.20,1.53], 87029 <0.71, 1040455 in [0.71,1.41], 3 >1.41
coarsening 3 vertices
950590 tets, quality [0.07,1.00], 4262 in [0.07,0.30], 946328 >0.30
1127468 edges, length [0.20,1.53], 87022 <0.71, 1040443 in [0.71,1.41], 3 >1.41
addressing element qualities
swapping 26795 3D edges
951711 tets, quality [0.07,1.00], 465 in [0.07,0.30], 951246 >0.30
1128589 edges, length [0.20,2.12], 87297 <0.71, 1035315 in [0.71,1.41], 5977 >1.41
swapping 1694 3D edges
951386 tets, quality [0.10,1.00], 37 in [0.07,0.30], 951349 >0.30
1128264 edges, length [0.20,2.06], 87296 <0.71, 1034761 in [0.71,1.41], 6207 >1.41
swapping 54 3D edges
951379 tets, quality [0.23,1.00], 17 in [0.07,0.30], 951362 >0.30
1128257 edges, length [0.20,2.06], 87297 <0.71, 1034743 in [0.71,1.41], 6217 >1.41
swapping 10 3D edges
951379 tets, quality [0.24,1.00], 13 in [0.07,0.30], 951366 >0.30
1128257 edges, length [0.20,2.06], 87296 <0.71, 1034747 in [0.71,1.41], 6214 >1.41
swapping 1 3D edges
951380 tets, quality [0.24,1.00], 13 in [0.07,0.30], 951367 >0.30
1128258 edges, length [0.20,2.06], 87296 <0.71, 1034748 in [0.71,1.41], 6214 >1.41
coarsening 62 vertices
951028 tets, quality [0.24,1.00], 6 in [0.07,0.30], 951022 >0.30
1127839 edges, length [0.20,2.06], 87198 <0.71, 1034320 in [0.71,1.41], 6321 >1.41
swapping 21 3D edges
951031 tets, quality [0.24,1.00], 4 in [0.07,0.30], 951027 >0.30
1127842 edges, length [0.20,2.06], 87198 <0.71, 1034326 in [0.71,1.41], 6318 >1.41
swapping 5 3D edges
951032 tets, quality [0.24,1.00], 3 in [0.07,0.30], 951029 >0.30
1127843 edges, length [0.20,2.06], 87198 <0.71, 1034327 in [0.71,1.41], 6318 >1.41
coarsening 9 vertices
950975 tets, quality [0.30,1.00], 950975 >0.30
1127777 edges, length [0.20,2.06], 87187 <0.71, 1034253 in [0.71,1.41], 6337 >1.41
quality histogram:
0.00-0.10: 0
0.10-0.20: 0
0.20-0.30: 0
0.30-0.40: 3108
0.40-0.50: 9490
0.50-0.60: 42579
0.60-0.70: 155732
0.70-0.80: 310000
0.80-0.90: 314362
0.90-1.00: 115704
length histogram:
0.00-0.30: 14
0.30-0.60: 20940
0.60-0.90: 342123
0.90-1.20: 482797
1.20-1.50: 278921
1.50-1.80: 2899
1.80-2.10: 83
2.10-2.40: 0
2.40-2.70: 0
2.70-3.00: 0
average quality: 0.777638
addressing edge lengths took 1.57568 seconds
addressing element qualities took 0.666759 seconds
adapting took 2.26132 seconds

approach_metric moved by factor 0.5
before adapting:
950975 tets, quality [0.22,1.00], 206 in [0.07,0.30], 950769 >0.30
1127777 edges, length [0.27,2.74], 9701 <0.71, 625039 in [0.71,1.41], 493037 >1.41
quality histogram:
0.00-0.10: 0
0.10-0.20: 0
0.20-0.30: 206
0.30-0.40: 3102
0.40-0.50: 11319
0.50-0.60: 49709
0.60-0.70: 167048
0.70-0.80: 306847
0.80-0.90: 302402
0.90-1.00: 110342
length histogram:
0.00-0.30: 2
0.30-0.60: 2017
0.60-0.90: 63186
0.90-1.20: 319432
1.20-1.50: 353512
1.50-1.80: 304131
1.80-2.10: 84007
2.10-2.40: 1421
2.40-2.70: 67
2.70-3.00: 2
average quality: 0.771844
addressing edge lengths
refining 125184 edges
1530486 tets, quality [0.19,1.00], 946 in [0.07,0.30], 1529540 >0.30
1836678 edges, length [0.17,2.60], 80319 <0.71, 1340378 in [0.71,1.41], 415981 >1.41
coarsening 10109 vertices
1490435 tets, quality [0.07,1.00], 1043 in [0.07,0.30], 1489392 >0.30
1786286 edges, length [0.20,2.60], 62868 <0.71, 1308186 in [0.71,1.41], 415232 >1.41
refining 142409 edges
2232964 tets, quality [0.07,1.00], 2367 in [0.07,0.30], 2230597 >0.30
2674827 edges, length [0.13,2.44], 265226 <0.71, 2109016 in [0.71,1.41], 300585 >1.41
coarsening 55053 vertices
2014912 tets, quality [0.07,1.00], 3282 in [0.07,0.30], 2011630 >0.30
2400522 edges, length [0.20,2.44], 154001 <0.71, 1949940 in [0.71,1.41], 296581 >1.41
refining 141172 edges
2767999 tets, quality [0.07,1.00], 5470 in [0.07,0.30], 2762529 >0.30
3296752 edges, length [0.10,2.44], 445517 <0.71, 2686475 in [0.71,1.41], 164760 >1.41
coarsening 86217 vertices
2423443 tets, quality [0.07,1.00], 12218 in [0.07,0.30], 2411225 >0.30
2864839 edges, length [0.15,2.44], 240914 <0.71, 2462475 in [0.71,1.41], 161450 >1.41
refining 101030 edges
2936002 tets, quality [0.07,1.00], 15689 in [0.07,0.30], 2920313 >0.30
3479103 edges, length [0.10,2.44], 492909 <0.71, 2924095 in [0.71,1.41], 62099 >1.41
coarsening 79735 vertices
2613366 tets, quality [0.07,1.00], 20638 in [0.07,0.30], 2592728 >0.30
3076189 edges, length [0.10,2.44], 285487 <0.71, 2729745 in [0.71,1.41], 60957 >1.41
refining 45646 edges
2824458 tets, quality [0.07,1.00], 23901 in [0.07,0.30], 2800557 >0.30
3333053 edges, length [0.10,2.44], 409417 <0.71, 2908073 in [0.71,1.41], 15563 >1.41
coarsening 46180 vertices
2631810 tets, quality [0.07,1.00], 22901 in [0.07,0.30], 2608909 >0.30
3094048 edges, length [0.14,2.44], 286549 <0.71, 2792244 in [0.71,1.41], 15255 >1.41
refining 12865 edges
2686330 tets, quality [0.07,1.00], 24340 in [0.07,0.30], 2661990 >0.30
3161446 edges, length [0.10,2.36], 322893 <0.71, 2836128 in [0.71,1.41], 2425 >1.41
coarsening 19861 vertices
2597764 tets, quality [0.07,1.00], 22656 in [0.07,0.30], 2575108 >0.30
3052956 edges, length [0.15,2.36], 270806 <0.71, 2779771 in [0.71,1.41], 2379 >1.41
refining 2067 edges
2606019 tets, quality [0.07,1.00], 22958 in [0.07,0.30], 2583061 >0.30
3063279 edges, length [0.13,2.33], 276864 <0.71, 2786095 in [0.71,1.41], 320 >1.41
coarsening 7205 vertices
2571295 tets, quality [0.07,1.00], 22350 in [0.07,0.30], 2548945 >0.30
3021326 edges, length [0.15,2.33], 258624 <0.71, 2762389 in [0.71,1.41], 313 >1.41
refining 194 edges
2572051 tets, quality [0.07,1.00], 22378 in [0.07,0.30], 2549673 >0.30
3022276 edges, length [0.11,1.95], 259224 <0.71, 2762933 in [0.71,1.41], 119 >1.41
coarsening 2352 vertices
2560243 tets, quality [0.07,1.00], 22249 in [0.07,0.30], 2537994 >0.30
3008107 edges, length [0.15,1.95], 253530 <0.71, 2754461 in [0.71,1.41], 116 >1.41
refining 27 edges
2560349 tets, quality [0.07,1.00], 22269 in [0.07,0.30], 2538080 >0.30
3008240 edges, length [0.10,1.95], 253616 <0.71, 2754535 in [0.71,1.41], 89 >1.41
coarsening 647 vertices
2557032 tets, quality [0.07,1.00], 22204 in [0.07,0.30], 2534828 >0.30
3004273 edges, length [0.12,1.95], 252106 <0.71, 2752078 in [0.71,1.41], 89 >1.41
refining 5 edges
2557052 tets, quality [0.07,1.00], 22209 in [0.07,0.30], 2534843 >0.30
3004298 edges, length [0.12,1.95], 252124 <0.71, 2752090 in [0.71,1.41], 84 >1.41
coarsening 133 vertices
2556377 tets, quality [0.07,1.00], 22189 in [0.07,0.30], 2534188 >0.30
3003490 edges, length [0.12,1.95], 251801 <0.71, 2751605 in [0.71,1.41], 84 >1.41
coarsening 30 vertices
2556225 tets, quality [0.07,1.00], 22170 in [0.07,0.30], 2534055 >0.30
3003308 edges, length [0.15,1.95], 251729 <0.71, 2751495 in [0.71,1.41], 84 >1.41
coarsening 6 vertices
2556195 tets, quality [0.07,1.00], 22165 in [0.07,0.30], 2534030 >0.30
3003272 edges, length [0.15,1.95], 251714 <0.71, 2751474 in [0.71,1.41], 84 >1.41
coarsening 3 vertices
2556178 tets, quality [0.07,1.00], 22164 in [0.07,0.30], 2534014 >0.30
3003252 edges, length [0.15,1.95], 251706 <0.71, 2751462 in [0.71,1.41], 84 >1.41
coarsening 1 vertices
2556173 tets, quality [0.07,1.00], 22165 in [0.07,0.30], 2534008 >0.30
3003246 edges, length [0.15,1.95], 251702 <0.71, 2751460 in [0.71,1.41], 84 >1.41
addressing element qualities
swapping 149656 3D edges
2539001 tets, quality [0.07,1.00], 2788 in [0.07,0.30], 2536213 >0.30
2986074 edges, length [0.05,2.13], 252834 <0.71, 2714756 in [0.71,1.41], 18484 >1.41
swapping 12379 3D edges
2536528 tets, quality [0.08,1.00], 256 in [0.07,0.30], 2536272 >0.30
2983601 edges, length [0.05,2.13], 252838 <0.71, 2711205 in [0.71,1.41], 19558 >1.41
swapping 664 3D edges
2536428 tets, quality [0.08,1.00], 43 in [0.07,0.30], 2536385 >0.30
2983501 edges, length [0.05,2.13], 252841 <0.71, 2711063 in [0.71,1.41], 19597 >1.41
swapping 48 3D edges
2536420 tets, quality [0.08,1.00], 27 in [0.07,0.30], 2536393 >0.30
2983493 edges, length [0.05,2.13], 252841 <0.71, 2711050 in [0.71,1.41], 19602 >1.41
swapping 10 3D edges
2536424 tets, quality [0.08,1.00], 26 in [0.07,0.30], 2536398 >0.30
2983497 edges, length [0.05,2.13], 252841 <0.71, 2711056 in [0.71,1.41], 19600 >1.41
swapping 6 3D edges
2536422 tets, quality [0.08,1.00], 25 in [0.07,0.30], 2536397 >0.30
2983495 edges, length [0.05,2.13], 252841 <0.71, 2711058 in [0.71,1.41], 19596 >1.41
swapping 4 3D edges
2536423 tets, quality [0.08,1.00], 25 in [0.07,0.30], 2536398 >0.30
2983496 edges, length [0.05,2.13], 252841 <0.71, 2711060 in [0.71,1.41], 19595 >1.41
swapping 4 3D edges
2536421 tets, quality [0.08,1.00], 24 in [0.07,0.30], 2536397 >0.30
2983494 edges, length [0.05,2.13], 252841 <0.71, 2711057 in [0.71,1.41], 19596 >1.41
swapping 1 3D edges
2536422 tets, quality [0.08,1.00], 25 in [0.07,0.30], 2536397 >0.30
2983495 edges, length [0.05,2.13], 252841 <0.71, 2711058 in [0.71,1.41], 19596 >1.41
swapping 2 3D edges
2536421 tets, quality [0.08,1.00], 25 in [0.07,0.30], 2536396 >0.30
2983494 edges, length [0.05,2.13], 252841 <0.71, 2711057 in [0.71,1.41], 19596 >1.41
swapping 2 3D edges
2536420 tets, quality [0.08,1.00], 25 in [0.07,0.30], 2536395 >0.30
2983493 edges, length [0.05,2.13], 252841 <0.71, 2711055 in [0.71,1.41], 19597 >1.41
swapping 1 3D edges
2536420 tets, quality [0.08,1.00], 25 in [0.07,0.30], 2536395 >0.30
2983493 edges, length [0.05,2.13], 252841 <0.71, 2711054 in [0.71,1.41], 19598 >1.41
coarsening 95 vertices
2535850 tets, quality [0.17,1.00], 7 in [0.07,0.30], 2535843 >0.30
2982822 edges, length [0.15,2.17], 252685 <0.71, 2710355 in [0.71,1.41], 19782 >1.41
swapping 15 3D edges
2535850 tets, quality [0.17,1.00], 6 in [0.07,0.30], 2535844 >0.30
2982822 edges, length [0.15,2.17], 252685 <0.71, 2710356 in [0.71,1.41], 19781 >1.41
swapping 3 3D edges
2535849 tets, quality [0.17,1.00], 5 in [0.07,0.30], 2535844 >0.30
2982821 edges, length [0.15,2.17], 252685 <0.71, 2710355 in [0.71,1.41], 19781 >1.41
swapping 1 3D edges
2535848 tets, quality [0.17,1.00], 5 in [0.07,0.30], 2535843 >0.30
2982820 edges, length [0.15,2.17], 252685 <0.71, 2710354 in [0.71,1.41], 19781 >1.41
coarsening 14 vertices
2535765 tets, quality [0.28,1.00], 2 in [0.07,0.30], 2535763 >0.30
2982723 edges, length [0.15,2.17], 252671 <0.71, 2710245 in [0.71,1.41], 19807 >1.41
swapping 7 3D edges
2535764 tets, quality [0.28,1.00], 2 in [0.07,0.30], 2535762 >0.30
2982722 edges, length [0.15,2.17], 252671 <0.71, 2710245 in [0.71,1.41], 19806 >1.41
swapping 1 3D edges
2535765 tets, quality [0.28,1.00], 2 in [0.07,0.30], 2535763 >0.30
2982723 edges, length [0.15,2.17], 252671 <0.71, 2710246 in [0.71,1.41], 19806 >1.41
coarsening 6 vertices
2535727 tets, quality [0.30,1.00], 2535727 >0.30
2982679 edges, length [0.15,2.33], 252667 <0.71, 2710190 in [0.71,1.41], 19822 >1.41
quality histogram:
0.00-0.10: 0
0.10-0.20: 0
0.20-0.30: 0
0.30-0.40: 11267
0.40-0.50: 32565
0.50-0.60: 133811
0.60-0.70: 435622
0.70-0.80: 779266
0.80-0.90: 812384
0.90-1.00: 330812
length histogram:
0.00-0.30: 66
0.30-0.60: 79951
0.60-0.90: 1083328
0.90-1.20: 1194787
1.20-1.50: 615716
1.50-1.80: 8696
1.80-2.10: 132
2.10-2.40: 3
2.40-2.70: 0
2.70-3.00: 0
average quality: 0.774607
addressing edge lengths took 3.24286 seconds
addressing element qualities took 2.44491 seconds
adapting took 5.70559 seconds

approach_metric moved by factor 0.5
before adapting:
2535727 tets, quality [0.23,1.00], 310 in [0.07,0.30], 2535417 >0.30
2982679 edges, length [0.17,2.68], 95469 <0.71, 2355772 in [0.71,1.41], 531438 >1.41
quality histogram:
0.00-0.10: 0
0.10-0.20: 0
0.20-0.30: 310
0.30-0.40: 11469
0.40-0.50: 35062
0.50-0.60: 142836
0.60-0.70: 445305
0.70-0.80: 777186
0.80-0.90: 801937
0.90-1.00: 321622
length histogram:
0.00-0.30: 22
0.30-0.60: 30359
0.60-0.90: 547023
0.90-1.20: 1203310
1.20-1.50: 895817
1.50-1.80: 301451
1.80-2.10: 4587
2.10-2.40: 105
2.40-2.70: 5
2.70-3.00: 0
average quality: 0.772001
addressing edge lengths
refining 242913 edges
3622113 tets, quality [0.16,1.00], 2097 in [0.07,0.30], 3620016 >0.30
4316947 edges, length [0.16,2.48], 411992 <0.71, 3615178 in [0.71,1.41], 289777 >1.41
coarsening 94398 vertices
3244383 tets, quality [0.07,1.00], 5626 in [0.07,0.30], 3238757 >0.30
3843295 edges, length [0.17,2.48], 224197 <0.71, 3330088 in [0.71,1.41], 289010 >1.41
refining 177507 edges
4105735 tets, quality [0.07,1.00], 8425 in [0.07,0.30], 4097310 >0.30
4884183 edges, length [0.11,2.48], 597127 <0.71, 4175200 in [0.71,1.41], 111856 >1.41
coarsening 142832 vertices
3534383 tets, quality [0.07,1.00], 10605 in [0.07,0.30], 3523778 >0.30
4168651 edges, length [0.13,2.48], 280755 <0.71, 3776443 in [0.71,1.41], 111453 >1.41
refining 89776 edges
3957467 tets, quality [0.07,1.00], 13287 in [0.07,0.30], 3944180 >0.30
4681981 edges, length [0.12,2.48], 502709 <0.71, 4157561 in [0.71,1.41], 21711 >1.41
coarsening 85472 vertices
3610085 tets, quality [0.07,1.00], 14443 in [0.07,0.30], 3595642 >0.30
4248713 edges, length [0.13,2.48], 293297 <0.71, 3933787 in [0.71,1.41], 21629 >1.41
refining 20251 edges
3702064 tets, quality [0.07,1.00], 15602 in [0.07,0.30], 3686462 >0.30
4360979 edges, length [0.12,2.48], 346731 <0.71, 4012863 in [0.71,1.41], 1385 >1.41
coarsening 27404 vertices
3584564 tets, quality [0.07,1.00], 15540 in [0.07,0.30], 3569024 >0.30
4216005 edges, length [0.19,2.48], 279527 <0.71, 3935103 in [0.71,1.41], 1375 >1.41
refining 1284 edges
3590091 tets, quality [0.07,1.00], 15664 in [0.07,0.30], 3574427 >0.30
4222818 edges, length [0.17,2.12], 282925 <0.71, 3939802 in [0.71,1.41], 91 >1.41
coarsening 4690 vertices
3567994 tets, quality [0.07,1.00], 15727 in [0.07,0.30], 3552267 >0.30
4196018 edges, length [0.19,2.12], 272325 <0.71, 3923606 in [0.71,1.41], 87 >1.41
refining 31 edges
3568117 tets, quality [0.07,1.00], 15734 in [0.07,0.30], 3552383 >0.30
4196172 edges, length [0.19,2.12], 272420 <0.71, 3923695 in [0.71,1.41], 57 >1.41
coarsening 570 vertices
3565254 tets, quality [0.07,1.00], 15748 in [0.07,0.30], 3549506 >0.30
4192735 edges, length [0.19,2.12], 271213 <0.71, 3921465 in [0.71,1.41], 57 >1.41
refining 3 edges
3565266 tets, quality [0.07,1.00], 15751 in [0.07,0.30], 3549515 >0.30
4192750 edges, length [0.19,1.91], 271223 <0.71, 3921473 in [0.71,1.41], 54 >1.41
coarsening 61 vertices
3564966 tets, quality [0.07,1.00], 15742 in [0.07,0.30], 3549224 >0.30
4192389 edges, length [0.19,1.91], 271086 <0.71, 3921249 in [0.71,1.41], 54 >1.41
refining 2 edges
3564974 tets, quality [0.07,1.00], 15744 in [0.07,0.30], 3549230 >0.30
4192399 edges, length [0.19,1.91], 271092 <0.71, 3921255 in [0.71,1.41], 52 >1.41
coarsening 17 vertices
3564896 tets, quality [0.07,1.00], 15741 in [0.07,0.30], 3549155 >0.30
4192304 edges, length [0.19,1.91], 271055 <0.71, 3921197 in [0.71,1.41], 52 >1.41
coarsening 5 vertices
3564870 tets, quality [0.07,1.00], 15740 in [0.07,0.30], 3549130 >0.30
4192273 edges, length [0.19,1.91], 271044 <0.71, 3921177 in [0.71,1.41], 52 >1.41
coarsening 1 vertices
3564864 tets, quality [0.07,1.00], 15739 in [0.07,0.30], 3549125 >0.30
4192266 edges, length [0.19,1.91], 271040 <0.71, 3921174 in [0.71,1.41], 52 >1.41
coarsening 1 vertices
3564858 tets, quality [0.07,1.00], 15739 in [0.07,0.30], 3549119 >0.30
4192259 edges, length [0.19,1.91], 271037 <0.71, 3921170 in [0.71,1.41], 52 >1.41
addressing element qualities
swapping 115040 3D edges
3559166 tets, quality [0.07,1.00], 1628 in [0.07,0.30], 3557538 >0.30
4186567 edges, length [0.19,1.95], 272013 <0.71, 3894278 in [0.71,1.41], 20276 >1.41
swapping 6597 3D edges
3557851 tets, quality [0.08,1.00], 104 in [0.07,0.30], 3557747 >0.30
4185252 edges, length [0.19,1.95], 272032 <0.71, 3892297 in [0.71,1.41], 20923 >1.41
swapping 239 3D edges
3557810 tets, quality [0.14,1.00], 24 in [0.07,0.30], 3557786 >0.30
4185211 edges, length [0.19,1.95], 272034 <0.71, 3892245 in [0.71,1.41], 20932 >1.41
swapping 21 3D edges
3557804 tets, quality [0.15,1.00], 17 in [0.07,0.30], 3557787 >0.30
4185205 edges, length [0.19,1.95], 272034 <0.71, 3892235 in [0.71,1.41], 20936 >1.41
swapping 2 3D edges
3557803 tets, quality [0.15,1.00], 17 in [0.07,0.30], 3557786 >0.30
4185204 edges, length [0.19,1.95], 272034 <0.71, 3892234 in [0.71,1.41], 20936 >1.41
coarsening 70 vertices
3557390 tets, quality [0.15,1.00], 8 in [0.07,0.30], 3557382 >0.30
4184713 edges, length [0.19,2.16], 271958 <0.71, 3891651 in [0.71,1.41], 21104 >1.41
swapping 31 3D edges
3557392 tets, quality [0.15,1.00], 8 in [0.07,0.30], 3557384 >0.30
4184715 edges, length [0.19,2.16], 271958 <0.71, 3891656 in [0.71,1.41], 21101 >1.41
swapping 14 3D edges
3557397 tets, quality [0.15,1.00], 6 in [0.07,0.30], 3557391 >0.30
4184720 edges, length [0.19,2.16], 271958 <0.71, 3891656 in [0.71,1.41], 21106 >1.41
swapping 1 3D edges
3557397 tets, quality [0.15,1.00], 6 in [0.07,0.30], 3557391 >0.30
4184720 edges, length [0.19,2.16], 271958 <0.71, 3891656 in [0.71,1.41], 21106 >1.41
coarsening 25 vertices
3557260 tets, quality [0.23,1.00], 1 in [0.07,0.30], 3557259 >0.30
4184554 edges, length [0.19,2.23], 271937 <0.71, 3891461 in [0.71,1.41], 21156 >1.41
swapping 3 3D edges
3557261 tets, quality [0.23,1.00], 1 in [0.07,0.30], 3557260 >0.30
4184555 edges, length [0.19,2.23], 271937 <0.71, 3891464 in [0.71,1.41], 21154 >1.41
swapping 1 3D edges
3557260 tets, quality [0.30,1.00], 3557260 >0.30
4184554 edges, length [0.19,2.23], 271937 <0.71, 3891463 in [0.71,1.41], 21154 >1.41
quality histogram:
0.00-0.10: 0
0.10-0.20: 0
0.20-0.30: 0
0.30-0.40: 13665
0.40-0.50: 37290
0.50-0.60: 149590
0.60-0.70: 524382
0.70-0.80: 1043912
0.80-0.90: 1231972
0.90-1.00: 556449
length histogram:
0.00-0.30: 53
0.30-0.60: 78705
0.60-0.90: 1336326
0.90-1.20: 1842012
1.20-1.50: 918434
1.50-1.80: 8916
1.80-2.10: 104
2.10-2.40: 4
2.40-2.70: 0
2.70-3.00: 0
average quality: 0.787895
addressing edge lengths took 2.84249 seconds
addressing element qualities took 1.47505 seconds
adapting took 4.48105 seconds

before adapting:
3557260 tets, quality [0.24,1.00], 356 in [0.07,0.30], 3556904 >0.30
4184554 edges, length [0.22,2.52], 94006 <0.71, 3286488 in [0.71,1.41], 804060 >1.41
quality histogram:
0.00-0.10: 0
0.10-0.20: 0
0.20-0.30: 356
0.30-0.40: 13739
0.40-0.50: 40238
0.50-0.60: 160804
0.60-0.70: 542737
0.70-0.80: 1050189
0.80-0.90: 1216964
0.90-1.00: 532233
length histogram:
0.00-0.30: 13
0.30-0.60: 24921
0.60-0.90: 673837
0.90-1.20: 1612849
1.20-1.50: 1415013
1.50-1.80: 453325
1.80-2.10: 4517
2.10-2.40: 76
2.40-2.70: 3
2.70-3.00: 0
average quality: 0.784652
addressing edge lengths
refining 360934 edges
5173224 tets, quality [0.20,1.00], 2577 in [0.07,0.30], 5170647 >0.30
6167754 edges, length [0.14,2.52], 506521 <0.71, 5216354 in [0.71,1.41], 444879 >1.41
coarsening 122639 vertices
4684584 tets, quality [0.07,1.00], 6117 in [0.07,0.30], 4678467 >0.30
5554904 edges, length [0.22,2.52], 278042 <0.71, 4832983 in [0.71,1.41], 443879 >1.41
refining 271090 edges
6013628 tets, quality [0.07,1.00], 9477 in [0.07,0.30], 6004151 >0.30
7157616 edges, length [0.09,2.29], 823430 <0.71, 6160923 in [0.71,1.41], 173263 >1.41
coarsening 210811 vertices
5171598 tets, quality [0.07,1.00], 12849 in [0.07,0.30], 5158749 >0.30
6103190 edges, length [0.12,2.29], 376145 <0.71, 5554235 in [0.71,1.41], 172810 >1.41
refining 138716 edges
5835472 tets, quality [0.07,1.00], 16355 in [0.07,0.30], 5819117 >0.30
6906427 edges, length [0.10,2.14], 711339 <0.71, 6160949 in [0.71,1.41], 34139 >1.41
coarsening 126510 vertices
5323967 tets, quality [0.07,1.00], 19319 in [0.07,0.30], 5304648 >0.30
6267883 edges, length [0.12,2.14], 406270 <0.71, 5827587 in [0.71,1.41], 34026 >1.41
refining 31934 edges
5471859 tets, quality [0.07,1.00], 20720 in [0.07,0.30], 5451139 >0.30
6447776 edges, length [0.12,1.87], 490246 <0.71, 5955433 in [0.71,1.41], 2097 >1.41
coarsening 39406 vertices
5305701 tets, quality [0.07,1.00], 21290 in [0.07,0.30], 5284411 >0.30
6242107 edges, length [0.19,1.87], 393176 <0.71, 5846849 in [0.71,1.41], 2082 >1.41
refining 1950 edges
5314287 tets, quality [0.07,1.00], 21456 in [0.07,0.30], 5292831 >0.30
6252644 edges, length [0.19,1.73], 398498 <0.71, 5854014 in [0.71,1.41], 132 >1.41
coarsening 5895 vertices
5287155 tets, quality [0.07,1.00], 21703 in [0.07,0.30], 5265452 >0.30
6219598 edges, length [0.19,1.73], 385045 <0.71, 5834421 in [0.71,1.41], 132 >1.41
refining 44 edges
5287337 tets, quality [0.07,1.00], 21710 in [0.07,0.30], 5265627 >0.30
6219824 edges, length [0.19,1.66], 385168 <0.71, 5834568 in [0.71,1.41], 88 >1.41
coarsening 606 vertices
5284332 tets, quality [0.07,1.00], 21733 in [0.07,0.30], 5262599 >0.30
6216213 edges, length [0.19,1.66], 383831 <0.71, 5832294 in [0.71,1.41], 88 >1.41
refining 1 edges
5284335 tets, quality [0.07,1.00], 21733 in [0.07,0.30], 5262602 >0.30
6216217 edges, length [0.19,1.66], 383834 <0.71, 5832296 in [0.71,1.41], 87 >1.41
coarsening 75 vertices
5283961 tets, quality [0.07,1.00], 21732 in [0.07,0.30], 5262229 >0.30
6215767 edges, length [0.19,1.66], 383673 <0.71, 5832007 in [0.71,1.41], 87 >1.41
coarsening 10 vertices
5283909 tets, quality [0.07,1.00], 21735 in [0.07,0.30], 5262174 >0.30
6215705 edges, length [0.19,1.66], 383649 <0.71, 5831969 in [0.71,1.41], 87 >1.41
addressing element qualities
swapping 155696 3D edges
5280859 tets, quality [0.07,1.00], 2128 in [0.07,0.30], 5278731 >0.30
6212655 edges, length [0.19,2.03], 384967 <0.71, 5798340 in [0.71,1.41], 29348 >1.41
swapping 8184 3D edges
5279233 tets, quality [0.07,1.00], 124 in [0.07,0.30], 5279109 >0.30
6211029 edges, length [0.19,2.03], 384984 <0.71, 5795894 in [0.71,1.41], 30151 >1.41
swapping 271 3D edges
5279174 tets, quality [0.09,1.00], 30 in [0.07,0.30], 5279144 >0.30
6210970 edges, length [0.19,2.03], 384983 <0.71, 5795824 in [0.71,1.41], 30163 >1.41
swapping 19 3D edges
5279166 tets, quality [0.09,1.00], 20 in [0.07,0.30], 5279146 >0.30
6210962 edges, length [0.19,2.03], 384983 <0.71, 5795818 in [0.71,1.41], 30161 >1.41
swapping 4 3D edges
5279164 tets, quality [0.09,1.00], 17 in [0.07,0.30], 5279147 >0.30
6210960 edges, length [0.19,2.03], 384983 <0.71, 5795816 in [0.71,1.41], 30161 >1.41
coarsening 92 vertices
5278611 tets, quality [0.16,1.00], 5 in [0.07,0.30], 5278606 >0.30
6210309 edges, length [0.19,2.07], 384882 <0.71, 5795059 in [0.71,1.41], 30368 >1.41
swapping 17 3D edges
5278614 tets, quality [0.16,1.00], 4 in [0.07,0.30], 5278610 >0.30
6210312 edges, length [0.19,2.07], 384882 <0.71, 5795061 in [0.71,1.41], 30369 >1.41
swapping 6 3D edges
5278614 tets, quality [0.16,1.00], 3 in [0.07,0.30], 5278611 >0.30
6210312 edges, length [0.19,2.07], 384882 <0.71, 5795064 in [0.71,1.41], 30366 >1.41
coarsening 14 vertices
5278532 tets, quality [0.16,1.00], 2 in [0.07,0.30], 5278530 >0.30
6210216 edges, length [0.19,2.22], 384869 <0.71, 5794935 in [0.71,1.41], 30412 >1.41
swapping 10 3D edges
5278533 tets, quality [0.30,1.00], 5278533 >0.30
6210217 edges, length [0.19,2.22], 384869 <0.71, 5794933 in [0.71,1.41], 30415 >1.41
quality histogram:
0.00-0.10: 0
0.10-0.20: 0
0.20-0.30: 0
0.30-0.40: 18334
0.40-0.50: 49299
0.50-0.60: 204302
0.60-0.70: 772057
0.70-0.80: 1579852
0.80-0.90: 1849698
0.90-1.00: 804991
length histogram:
0.00-0.30: 56
0.30-0.60: 107707
0.60-0.90: 1955190
0.90-1.20: 2665186
1.20-1.50: 1469253
1.50-1.80: 12677
1.80-2.10: 147
2.10-2.40: 1
2.40-2.70: 0
2.70-3.00: 0
average quality: 0.788783
addressing edge lengths took 2.64624 seconds
addressing element qualities took 1.93142 seconds
adapting took 4.61152 seconds

Const-Compatibility Branch:
rank 0: nverts 104305 nelms 581196
approach_metric moved by factor 0.25
before adapting:
581196 tets, quality [0.12,1.00], 230 in [0.07,0.30], 580966 >0.30
691152 edges, length [0.28,2.46], 6976 <0.71, 546660 in [0.71,1.41], 137516 >1.41
quality histogram:
0.00-0.10: 0
0.10-0.20: 23
0.20-0.30: 207
0.30-0.40: 1562
0.40-0.50: 7675
0.50-0.60: 28451
0.60-0.70: 78405
0.70-0.80: 160648
0.80-0.90: 201995
0.90-1.00: 102230
length histogram:
0.00-0.30: 1
0.30-0.60: 1249
0.60-0.90: 71091
0.90-1.20: 281395
1.20-1.50: 258436
1.50-1.80: 75186
1.80-2.10: 3718
2.10-2.40: 75
2.40-2.70: 1
2.70-3.00: 0
average quality: 0.791275
addressing edge lengths
refining 60426 edges
851751 tets, quality [0.12,1.00], 574 in [0.07,0.30], 851177 >0.30
1024025 edges, length [0.15,2.36], 74031 <0.71, 871351 in [0.71,1.41], 78643 >1.41
coarsening 16329 vertices
785741 tets, quality [0.07,1.00], 747 in [0.07,0.30], 784994 >0.30
941494 edges, length [0.17,2.36], 46380 <0.71, 816657 in [0.71,1.41], 78457 >1.41
refining 46222 edges
1020728 tets, quality [0.07,1.00], 1140 in [0.07,0.30], 1019588 >0.30
1223749 edges, length [0.10,2.36], 141108 <0.71, 1049822 in [0.71,1.41], 32819 >1.41
coarsening 29837 vertices
901617 tets, quality [0.07,1.00], 1866 in [0.07,0.30], 899751 >0.30
1074366 edges, length [0.16,2.36], 76174 <0.71, 965595 in [0.71,1.41], 32597 >1.41
refining 24936 edges
1029765 tets, quality [0.07,1.00], 2260 in [0.07,0.30], 1027505 >0.30
1227791 edges, length [0.14,2.14], 140937 <0.71, 1079117 in [0.71,1.41], 7737 >1.41
coarsening 20002 vertices
949206 tets, quality [0.07,1.00], 3588 in [0.07,0.30], 945618 >0.30
1127021 edges, length [0.17,2.14], 88555 <0.71, 1030793 in [0.71,1.41], 7673 >1.41
refining 6782 edges
982549 tets, quality [0.07,1.00], 3870 in [0.07,0.30], 978679 >0.30
1167202 edges, length [0.13,2.14], 107842 <0.71, 1058462 in [0.71,1.41], 898 >1.41
coarsening 6903 vertices
954176 tets, quality [0.07,1.00], 4203 in [0.07,0.30], 949973 >0.30
1131867 edges, length [0.17,2.14], 88900 <0.71, 1042079 in [0.71,1.41], 888 >1.41
refining 785 edges
957652 tets, quality [0.07,1.00], 4290 in [0.07,0.30], 953362 >0.30
1136131 edges, length [0.17,1.81], 91166 <0.71, 1044861 in [0.71,1.41], 104 >1.41
coarsening 1334 vertices
951826 tets, quality [0.07,1.00], 4266 in [0.07,0.30], 947560 >0.30
1128957 edges, length [0.20,1.81], 87645 <0.71, 1041215 in [0.71,1.41], 97 >1.41
refining 90 edges
952198 tets, quality [0.07,1.00], 4288 in [0.07,0.30], 947910 >0.30
1129419 edges, length [0.18,1.71], 87906 <0.71, 1041506 in [0.71,1.41], 7 >1.41
coarsening 283 vertices
950862 tets, quality [0.07,1.00], 4264 in [0.07,0.30], 946598 >0.30
1127797 edges, length [0.20,1.71], 87170 <0.71, 1040620 in [0.71,1.41], 7 >1.41
refining 4 edges
950880 tets, quality [0.07,1.00], 4265 in [0.07,0.30], 946615 >0.30
1127819 edges, length [0.20,1.53], 87185 <0.71, 1040631 in [0.71,1.41], 3 >1.41
coarsening 46 vertices
950653 tets, quality [0.07,1.00], 4258 in [0.07,0.30], 946395 >0.30
1127544 edges, length [0.20,1.53], 87057 <0.71, 1040484 in [0.71,1.41], 3 >1.41
coarsening 10 vertices
950606 tets, quality [0.07,1.00], 4262 in [0.07,0.30], 946344 >0.30
1127487 edges, length [0.20,1.53], 87029 <0.71, 1040455 in [0.71,1.41], 3 >1.41
coarsening 3 vertices
950590 tets, quality [0.07,1.00], 4262 in [0.07,0.30], 946328 >0.30
1127468 edges, length [0.20,1.53], 87022 <0.71, 1040443 in [0.71,1.41], 3 >1.41
addressing element qualities
swapping 26795 3D edges
951711 tets, quality [0.07,1.00], 465 in [0.07,0.30], 951246 >0.30
1128589 edges, length [0.20,2.12], 87297 <0.71, 1035315 in [0.71,1.41], 5977 >1.41
swapping 1694 3D edges
951386 tets, quality [0.10,1.00], 37 in [0.07,0.30], 951349 >0.30
1128264 edges, length [0.20,2.06], 87296 <0.71, 1034761 in [0.71,1.41], 6207 >1.41
swapping 54 3D edges
951379 tets, quality [0.23,1.00], 17 in [0.07,0.30], 951362 >0.30
1128257 edges, length [0.20,2.06], 87297 <0.71, 1034743 in [0.71,1.41], 6217 >1.41
swapping 10 3D edges
951379 tets, quality [0.24,1.00], 13 in [0.07,0.30], 951366 >0.30
1128257 edges, length [0.20,2.06], 87296 <0.71, 1034747 in [0.71,1.41], 6214 >1.41
swapping 1 3D edges
951380 tets, quality [0.24,1.00], 13 in [0.07,0.30], 951367 >0.30
1128258 edges, length [0.20,2.06], 87296 <0.71, 1034748 in [0.71,1.41], 6214 >1.41
coarsening 62 vertices
951028 tets, quality [0.24,1.00], 6 in [0.07,0.30], 951022 >0.30
1127839 edges, length [0.20,2.06], 87198 <0.71, 1034320 in [0.71,1.41], 6321 >1.41
swapping 21 3D edges
951031 tets, quality [0.24,1.00], 4 in [0.07,0.30], 951027 >0.30
1127842 edges, length [0.20,2.06], 87198 <0.71, 1034326 in [0.71,1.41], 6318 >1.41
swapping 5 3D edges
951032 tets, quality [0.24,1.00], 3 in [0.07,0.30], 951029 >0.30
1127843 edges, length [0.20,2.06], 87198 <0.71, 1034327 in [0.71,1.41], 6318 >1.41
coarsening 9 vertices
950975 tets, quality [0.30,1.00], 950975 >0.30
1127777 edges, length [0.20,2.06], 87187 <0.71, 1034253 in [0.71,1.41], 6337 >1.41
quality histogram:
0.00-0.10: 0
0.10-0.20: 0
0.20-0.30: 0
0.30-0.40: 3108
0.40-0.50: 9490
0.50-0.60: 42579
0.60-0.70: 155732
0.70-0.80: 310000
0.80-0.90: 314362
0.90-1.00: 115704
length histogram:
0.00-0.30: 14
0.30-0.60: 20940
0.60-0.90: 342123
0.90-1.20: 482797
1.20-1.50: 278921
1.50-1.80: 2899
1.80-2.10: 83
2.10-2.40: 0
2.40-2.70: 0
2.70-3.00: 0
average quality: 0.777638
addressing edge lengths took 1.6663 seconds
addressing element qualities took 0.768661 seconds
adapting took 2.45416 seconds

approach_metric moved by factor 0.5
before adapting:
950975 tets, quality [0.22,1.00], 206 in [0.07,0.30], 950769 >0.30
1127777 edges, length [0.27,2.74], 9701 <0.71, 625039 in [0.71,1.41], 493037 >1.41
quality histogram:
0.00-0.10: 0
0.10-0.20: 0
0.20-0.30: 206
0.30-0.40: 3102
0.40-0.50: 11319
0.50-0.60: 49709
0.60-0.70: 167048
0.70-0.80: 306847
0.80-0.90: 302402
0.90-1.00: 110342
length histogram:
0.00-0.30: 2
0.30-0.60: 2017
0.60-0.90: 63186
0.90-1.20: 319432
1.20-1.50: 353512
1.50-1.80: 304131
1.80-2.10: 84007
2.10-2.40: 1421
2.40-2.70: 67
2.70-3.00: 2
average quality: 0.771844
addressing edge lengths
refining 125184 edges
1530486 tets, quality [0.19,1.00], 946 in [0.07,0.30], 1529540 >0.30
1836678 edges, length [0.17,2.60], 80319 <0.71, 1340378 in [0.71,1.41], 415981 >1.41
coarsening 10109 vertices
1490435 tets, quality [0.07,1.00], 1043 in [0.07,0.30], 1489392 >0.30
1786286 edges, length [0.20,2.60], 62868 <0.71, 1308186 in [0.71,1.41], 415232 >1.41
refining 142409 edges
2232964 tets, quality [0.07,1.00], 2367 in [0.07,0.30], 2230597 >0.30
2674827 edges, length [0.13,2.44], 265226 <0.71, 2109016 in [0.71,1.41], 300585 >1.41
coarsening 55053 vertices
2014912 tets, quality [0.07,1.00], 3282 in [0.07,0.30], 2011630 >0.30
2400522 edges, length [0.20,2.44], 154001 <0.71, 1949940 in [0.71,1.41], 296581 >1.41
refining 141172 edges
2767999 tets, quality [0.07,1.00], 5470 in [0.07,0.30], 2762529 >0.30
3296752 edges, length [0.10,2.44], 445517 <0.71, 2686475 in [0.71,1.41], 164760 >1.41
coarsening 86217 vertices
2423443 tets, quality [0.07,1.00], 12218 in [0.07,0.30], 2411225 >0.30
2864839 edges, length [0.15,2.44], 240914 <0.71, 2462475 in [0.71,1.41], 161450 >1.41
refining 101030 edges
2936002 tets, quality [0.07,1.00], 15689 in [0.07,0.30], 2920313 >0.30
3479103 edges, length [0.10,2.44], 492909 <0.71, 2924095 in [0.71,1.41], 62099 >1.41
coarsening 79735 vertices
2613366 tets, quality [0.07,1.00], 20638 in [0.07,0.30], 2592728 >0.30
3076189 edges, length [0.10,2.44], 285487 <0.71, 2729745 in [0.71,1.41], 60957 >1.41
refining 45646 edges
2824458 tets, quality [0.07,1.00], 23901 in [0.07,0.30], 2800557 >0.30
3333053 edges, length [0.10,2.44], 409417 <0.71, 2908073 in [0.71,1.41], 15563 >1.41
coarsening 46180 vertices
2631810 tets, quality [0.07,1.00], 22901 in [0.07,0.30], 2608909 >0.30
3094048 edges, length [0.14,2.44], 286549 <0.71, 2792244 in [0.71,1.41], 15255 >1.41
refining 12865 edges
2686330 tets, quality [0.07,1.00], 24340 in [0.07,0.30], 2661990 >0.30
3161446 edges, length [0.10,2.36], 322893 <0.71, 2836128 in [0.71,1.41], 2425 >1.41
coarsening 19861 vertices
2597764 tets, quality [0.07,1.00], 22656 in [0.07,0.30], 2575108 >0.30
3052956 edges, length [0.15,2.36], 270806 <0.71, 2779771 in [0.71,1.41], 2379 >1.41
refining 2067 edges
2606019 tets, quality [0.07,1.00], 22958 in [0.07,0.30], 2583061 >0.30
3063279 edges, length [0.13,2.33], 276864 <0.71, 2786095 in [0.71,1.41], 320 >1.41
coarsening 7205 vertices
2571295 tets, quality [0.07,1.00], 22350 in [0.07,0.30], 2548945 >0.30
3021326 edges, length [0.15,2.33], 258624 <0.71, 2762389 in [0.71,1.41], 313 >1.41
refining 194 edges
2572051 tets, quality [0.07,1.00], 22378 in [0.07,0.30], 2549673 >0.30
3022276 edges, length [0.11,1.95], 259224 <0.71, 2762933 in [0.71,1.41], 119 >1.41
coarsening 2352 vertices
2560243 tets, quality [0.07,1.00], 22249 in [0.07,0.30], 2537994 >0.30
3008107 edges, length [0.15,1.95], 253530 <0.71, 2754461 in [0.71,1.41], 116 >1.41
refining 27 edges
2560349 tets, quality [0.07,1.00], 22269 in [0.07,0.30], 2538080 >0.30
3008240 edges, length [0.10,1.95], 253616 <0.71, 2754535 in [0.71,1.41], 89 >1.41
coarsening 647 vertices
2557032 tets, quality [0.07,1.00], 22204 in [0.07,0.30], 2534828 >0.30
3004273 edges, length [0.12,1.95], 252106 <0.71, 2752078 in [0.71,1.41], 89 >1.41
refining 5 edges
2557052 tets, quality [0.07,1.00], 22209 in [0.07,0.30], 2534843 >0.30
3004298 edges, length [0.12,1.95], 252124 <0.71, 2752090 in [0.71,1.41], 84 >1.41
coarsening 133 vertices
2556377 tets, quality [0.07,1.00], 22189 in [0.07,0.30], 2534188 >0.30
3003490 edges, length [0.12,1.95], 251801 <0.71, 2751605 in [0.71,1.41], 84 >1.41
coarsening 30 vertices
2556225 tets, quality [0.07,1.00], 22170 in [0.07,0.30], 2534055 >0.30
3003308 edges, length [0.15,1.95], 251729 <0.71, 2751495 in [0.71,1.41], 84 >1.41
coarsening 6 vertices
2556195 tets, quality [0.07,1.00], 22165 in [0.07,0.30], 2534030 >0.30
3003272 edges, length [0.15,1.95], 251714 <0.71, 2751474 in [0.71,1.41], 84 >1.41
coarsening 3 vertices
2556178 tets, quality [0.07,1.00], 22164 in [0.07,0.30], 2534014 >0.30
3003252 edges, length [0.15,1.95], 251706 <0.71, 2751462 in [0.71,1.41], 84 >1.41
coarsening 1 vertices
2556173 tets, quality [0.07,1.00], 22165 in [0.07,0.30], 2534008 >0.30
3003246 edges, length [0.15,1.95], 251702 <0.71, 2751460 in [0.71,1.41], 84 >1.41
addressing element qualities
swapping 149656 3D edges
2539001 tets, quality [0.07,1.00], 2788 in [0.07,0.30], 2536213 >0.30
2986074 edges, length [0.05,2.13], 252834 <0.71, 2714756 in [0.71,1.41], 18484 >1.41
swapping 12379 3D edges
2536528 tets, quality [0.08,1.00], 256 in [0.07,0.30], 2536272 >0.30
2983601 edges, length [0.05,2.13], 252838 <0.71, 2711205 in [0.71,1.41], 19558 >1.41
swapping 664 3D edges
2536428 tets, quality [0.08,1.00], 43 in [0.07,0.30], 2536385 >0.30
2983501 edges, length [0.05,2.13], 252841 <0.71, 2711063 in [0.71,1.41], 19597 >1.41
swapping 48 3D edges
2536420 tets, quality [0.08,1.00], 27 in [0.07,0.30], 2536393 >0.30
2983493 edges, length [0.05,2.13], 252841 <0.71, 2711050 in [0.71,1.41], 19602 >1.41
swapping 10 3D edges
2536424 tets, quality [0.08,1.00], 26 in [0.07,0.30], 2536398 >0.30
2983497 edges, length [0.05,2.13], 252841 <0.71, 2711056 in [0.71,1.41], 19600 >1.41
swapping 6 3D edges
2536422 tets, quality [0.08,1.00], 25 in [0.07,0.30], 2536397 >0.30
2983495 edges, length [0.05,2.13], 252841 <0.71, 2711058 in [0.71,1.41], 19596 >1.41
swapping 4 3D edges
2536423 tets, quality [0.08,1.00], 25 in [0.07,0.30], 2536398 >0.30
2983496 edges, length [0.05,2.13], 252841 <0.71, 2711060 in [0.71,1.41], 19595 >1.41
swapping 4 3D edges
2536421 tets, quality [0.08,1.00], 24 in [0.07,0.30], 2536397 >0.30
2983494 edges, length [0.05,2.13], 252841 <0.71, 2711057 in [0.71,1.41], 19596 >1.41
swapping 1 3D edges
2536422 tets, quality [0.08,1.00], 25 in [0.07,0.30], 2536397 >0.30
2983495 edges, length [0.05,2.13], 252841 <0.71, 2711058 in [0.71,1.41], 19596 >1.41
swapping 2 3D edges
2536421 tets, quality [0.08,1.00], 25 in [0.07,0.30], 2536396 >0.30
2983494 edges, length [0.05,2.13], 252841 <0.71, 2711057 in [0.71,1.41], 19596 >1.41
swapping 2 3D edges
2536420 tets, quality [0.08,1.00], 25 in [0.07,0.30], 2536395 >0.30
2983493 edges, length [0.05,2.13], 252841 <0.71, 2711055 in [0.71,1.41], 19597 >1.41
swapping 1 3D edges
2536420 tets, quality [0.08,1.00], 25 in [0.07,0.30], 2536395 >0.30
2983493 edges, length [0.05,2.13], 252841 <0.71, 2711054 in [0.71,1.41], 19598 >1.41
coarsening 95 vertices
2535850 tets, quality [0.17,1.00], 7 in [0.07,0.30], 2535843 >0.30
2982822 edges, length [0.15,2.17], 252685 <0.71, 2710355 in [0.71,1.41], 19782 >1.41
swapping 15 3D edges
2535850 tets, quality [0.17,1.00], 6 in [0.07,0.30], 2535844 >0.30
2982822 edges, length [0.15,2.17], 252685 <0.71, 2710356 in [0.71,1.41], 19781 >1.41
swapping 3 3D edges
2535849 tets, quality [0.17,1.00], 5 in [0.07,0.30], 2535844 >0.30
2982821 edges, length [0.15,2.17], 252685 <0.71, 2710355 in [0.71,1.41], 19781 >1.41
swapping 1 3D edges
2535848 tets, quality [0.17,1.00], 5 in [0.07,0.30], 2535843 >0.30
2982820 edges, length [0.15,2.17], 252685 <0.71, 2710354 in [0.71,1.41], 19781 >1.41
coarsening 14 vertices
2535765 tets, quality [0.28,1.00], 2 in [0.07,0.30], 2535763 >0.30
2982723 edges, length [0.15,2.17], 252671 <0.71, 2710245 in [0.71,1.41], 19807 >1.41
swapping 7 3D edges
2535764 tets, quality [0.28,1.00], 2 in [0.07,0.30], 2535762 >0.30
2982722 edges, length [0.15,2.17], 252671 <0.71, 2710245 in [0.71,1.41], 19806 >1.41
swapping 1 3D edges
2535765 tets, quality [0.28,1.00], 2 in [0.07,0.30], 2535763 >0.30
2982723 edges, length [0.15,2.17], 252671 <0.71, 2710246 in [0.71,1.41], 19806 >1.41
coarsening 6 vertices
2535727 tets, quality [0.30,1.00], 2535727 >0.30
2982679 edges, length [0.15,2.33], 252667 <0.71, 2710190 in [0.71,1.41], 19822 >1.41
quality histogram:
0.00-0.10: 0
0.10-0.20: 0
0.20-0.30: 0
0.30-0.40: 11267
0.40-0.50: 32565
0.50-0.60: 133811
0.60-0.70: 435622
0.70-0.80: 779266
0.80-0.90: 812384
0.90-1.00: 330812
length histogram:
0.00-0.30: 66
0.30-0.60: 79951
0.60-0.90: 1083328
0.90-1.20: 1194787
1.20-1.50: 615716
1.50-1.80: 8696
1.80-2.10: 132
2.10-2.40: 3
2.40-2.70: 0
2.70-3.00: 0
average quality: 0.774607
addressing edge lengths took 3.10254 seconds
addressing element qualities took 2.3609 seconds
adapting took 5.48147 seconds

approach_metric moved by factor 0.5
before adapting:
2535727 tets, quality [0.23,1.00], 310 in [0.07,0.30], 2535417 >0.30
2982679 edges, length [0.17,2.68], 95469 <0.71, 2355772 in [0.71,1.41], 531438 >1.41
quality histogram:
0.00-0.10: 0
0.10-0.20: 0
0.20-0.30: 310
0.30-0.40: 11469
0.40-0.50: 35062
0.50-0.60: 142836
0.60-0.70: 445305
0.70-0.80: 777186
0.80-0.90: 801937
0.90-1.00: 321622
length histogram:
0.00-0.30: 22
0.30-0.60: 30359
0.60-0.90: 547023
0.90-1.20: 1203310
1.20-1.50: 895817
1.50-1.80: 301451
1.80-2.10: 4587
2.10-2.40: 105
2.40-2.70: 5
2.70-3.00: 0
average quality: 0.772001
addressing edge lengths
refining 242913 edges
3622113 tets, quality [0.16,1.00], 2097 in [0.07,0.30], 3620016 >0.30
4316947 edges, length [0.16,2.48], 411992 <0.71, 3615178 in [0.71,1.41], 289777 >1.41
coarsening 94398 vertices
3244383 tets, quality [0.07,1.00], 5626 in [0.07,0.30], 3238757 >0.30
3843295 edges, length [0.17,2.48], 224197 <0.71, 3330088 in [0.71,1.41], 289010 >1.41
refining 177507 edges
4105735 tets, quality [0.07,1.00], 8425 in [0.07,0.30], 4097310 >0.30
4884183 edges, length [0.11,2.48], 597127 <0.71, 4175200 in [0.71,1.41], 111856 >1.41
coarsening 142832 vertices
3534383 tets, quality [0.07,1.00], 10605 in [0.07,0.30], 3523778 >0.30
4168651 edges, length [0.13,2.48], 280755 <0.71, 3776443 in [0.71,1.41], 111453 >1.41
refining 89776 edges
3957467 tets, quality [0.07,1.00], 13287 in [0.07,0.30], 3944180 >0.30
4681981 edges, length [0.12,2.48], 502709 <0.71, 4157561 in [0.71,1.41], 21711 >1.41
coarsening 85472 vertices
3610085 tets, quality [0.07,1.00], 14443 in [0.07,0.30], 3595642 >0.30
4248713 edges, length [0.13,2.48], 293297 <0.71, 3933787 in [0.71,1.41], 21629 >1.41
refining 20251 edges
3702064 tets, quality [0.07,1.00], 15602 in [0.07,0.30], 3686462 >0.30
4360979 edges, length [0.12,2.48], 346731 <0.71, 4012863 in [0.71,1.41], 1385 >1.41
coarsening 27404 vertices
3584564 tets, quality [0.07,1.00], 15540 in [0.07,0.30], 3569024 >0.30
4216005 edges, length [0.19,2.48], 279527 <0.71, 3935103 in [0.71,1.41], 1375 >1.41
refining 1284 edges
3590091 tets, quality [0.07,1.00], 15664 in [0.07,0.30], 3574427 >0.30
4222818 edges, length [0.17,2.12], 282925 <0.71, 3939802 in [0.71,1.41], 91 >1.41
coarsening 4690 vertices
3567994 tets, quality [0.07,1.00], 15727 in [0.07,0.30], 3552267 >0.30
4196018 edges, length [0.19,2.12], 272325 <0.71, 3923606 in [0.71,1.41], 87 >1.41
refining 31 edges
3568117 tets, quality [0.07,1.00], 15734 in [0.07,0.30], 3552383 >0.30
4196172 edges, length [0.19,2.12], 272420 <0.71, 3923695 in [0.71,1.41], 57 >1.41
coarsening 570 vertices
3565254 tets, quality [0.07,1.00], 15748 in [0.07,0.30], 3549506 >0.30
4192735 edges, length [0.19,2.12], 271213 <0.71, 3921465 in [0.71,1.41], 57 >1.41
refining 3 edges
3565266 tets, quality [0.07,1.00], 15751 in [0.07,0.30], 3549515 >0.30
4192750 edges, length [0.19,1.91], 271223 <0.71, 3921473 in [0.71,1.41], 54 >1.41
coarsening 61 vertices
3564966 tets, quality [0.07,1.00], 15742 in [0.07,0.30], 3549224 >0.30
4192389 edges, length [0.19,1.91], 271086 <0.71, 3921249 in [0.71,1.41], 54 >1.41
refining 2 edges
3564974 tets, quality [0.07,1.00], 15744 in [0.07,0.30], 3549230 >0.30
4192399 edges, length [0.19,1.91], 271092 <0.71, 3921255 in [0.71,1.41], 52 >1.41
coarsening 17 vertices
3564896 tets, quality [0.07,1.00], 15741 in [0.07,0.30], 3549155 >0.30
4192304 edges, length [0.19,1.91], 271055 <0.71, 3921197 in [0.71,1.41], 52 >1.41
coarsening 5 vertices
3564870 tets, quality [0.07,1.00], 15740 in [0.07,0.30], 3549130 >0.30
4192273 edges, length [0.19,1.91], 271044 <0.71, 3921177 in [0.71,1.41], 52 >1.41
coarsening 1 vertices
3564864 tets, quality [0.07,1.00], 15739 in [0.07,0.30], 3549125 >0.30
4192266 edges, length [0.19,1.91], 271040 <0.71, 3921174 in [0.71,1.41], 52 >1.41
coarsening 1 vertices
3564858 tets, quality [0.07,1.00], 15739 in [0.07,0.30], 3549119 >0.30
4192259 edges, length [0.19,1.91], 271037 <0.71, 3921170 in [0.71,1.41], 52 >1.41
addressing element qualities
swapping 115040 3D edges
3559166 tets, quality [0.07,1.00], 1628 in [0.07,0.30], 3557538 >0.30
4186567 edges, length [0.19,1.95], 272013 <0.71, 3894278 in [0.71,1.41], 20276 >1.41
swapping 6597 3D edges
3557851 tets, quality [0.08,1.00], 104 in [0.07,0.30], 3557747 >0.30
4185252 edges, length [0.19,1.95], 272032 <0.71, 3892297 in [0.71,1.41], 20923 >1.41
swapping 239 3D edges
3557810 tets, quality [0.14,1.00], 24 in [0.07,0.30], 3557786 >0.30
4185211 edges, length [0.19,1.95], 272034 <0.71, 3892245 in [0.71,1.41], 20932 >1.41
swapping 21 3D edges
3557804 tets, quality [0.15,1.00], 17 in [0.07,0.30], 3557787 >0.30
4185205 edges, length [0.19,1.95], 272034 <0.71, 3892235 in [0.71,1.41], 20936 >1.41
swapping 2 3D edges
3557803 tets, quality [0.15,1.00], 17 in [0.07,0.30], 3557786 >0.30
4185204 edges, length [0.19,1.95], 272034 <0.71, 3892234 in [0.71,1.41], 20936 >1.41
coarsening 70 vertices
3557390 tets, quality [0.15,1.00], 8 in [0.07,0.30], 3557382 >0.30
4184713 edges, length [0.19,2.16], 271958 <0.71, 3891651 in [0.71,1.41], 21104 >1.41
swapping 31 3D edges
3557392 tets, quality [0.15,1.00], 8 in [0.07,0.30], 3557384 >0.30
4184715 edges, length [0.19,2.16], 271958 <0.71, 3891656 in [0.71,1.41], 21101 >1.41
swapping 14 3D edges
3557397 tets, quality [0.15,1.00], 6 in [0.07,0.30], 3557391 >0.30
4184720 edges, length [0.19,2.16], 271958 <0.71, 3891656 in [0.71,1.41], 21106 >1.41
swapping 1 3D edges
3557397 tets, quality [0.15,1.00], 6 in [0.07,0.30], 3557391 >0.30
4184720 edges, length [0.19,2.16], 271958 <0.71, 3891656 in [0.71,1.41], 21106 >1.41
coarsening 25 vertices
3557260 tets, quality [0.23,1.00], 1 in [0.07,0.30], 3557259 >0.30
4184554 edges, length [0.19,2.23], 271937 <0.71, 3891461 in [0.71,1.41], 21156 >1.41
swapping 3 3D edges
3557261 tets, quality [0.23,1.00], 1 in [0.07,0.30], 3557260 >0.30
4184555 edges, length [0.19,2.23], 271937 <0.71, 3891464 in [0.71,1.41], 21154 >1.41
swapping 1 3D edges
3557260 tets, quality [0.30,1.00], 3557260 >0.30
4184554 edges, length [0.19,2.23], 271937 <0.71, 3891463 in [0.71,1.41], 21154 >1.41
quality histogram:
0.00-0.10: 0
0.10-0.20: 0
0.20-0.30: 0
0.30-0.40: 13665
0.40-0.50: 37290
0.50-0.60: 149590
0.60-0.70: 524382
0.70-0.80: 1043912
0.80-0.90: 1231972
0.90-1.00: 556449
length histogram:
0.00-0.30: 53
0.30-0.60: 78705
0.60-0.90: 1336326
0.90-1.20: 1842012
1.20-1.50: 918434
1.50-1.80: 8916
1.80-2.10: 104
2.10-2.40: 4
2.40-2.70: 0
2.70-3.00: 0
average quality: 0.787895
addressing edge lengths took 3.02825 seconds
addressing element qualities took 1.60926 seconds
adapting took 4.6686 seconds

before adapting:
3557260 tets, quality [0.24,1.00], 356 in [0.07,0.30], 3556904 >0.30
4184554 edges, length [0.22,2.52], 94006 <0.71, 3286488 in [0.71,1.41], 804060 >1.41
quality histogram:
0.00-0.10: 0
0.10-0.20: 0
0.20-0.30: 356
0.30-0.40: 13739
0.40-0.50: 40238
0.50-0.60: 160804
0.60-0.70: 542737
0.70-0.80: 1050189
0.80-0.90: 1216964
0.90-1.00: 532233
length histogram:
0.00-0.30: 13
0.30-0.60: 24921
0.60-0.90: 673837
0.90-1.20: 1612849
1.20-1.50: 1415013
1.50-1.80: 453325
1.80-2.10: 4517
2.10-2.40: 76
2.40-2.70: 3
2.70-3.00: 0
average quality: 0.784652
addressing edge lengths
refining 360934 edges
5173224 tets, quality [0.20,1.00], 2577 in [0.07,0.30], 5170647 >0.30
6167754 edges, length [0.14,2.52], 506521 <0.71, 5216354 in [0.71,1.41], 444879 >1.41
coarsening 122639 vertices
4684584 tets, quality [0.07,1.00], 6117 in [0.07,0.30], 4678467 >0.30
5554904 edges, length [0.22,2.52], 278042 <0.71, 4832983 in [0.71,1.41], 443879 >1.41
refining 271090 edges
6013628 tets, quality [0.07,1.00], 9477 in [0.07,0.30], 6004151 >0.30
7157616 edges, length [0.09,2.29], 823430 <0.71, 6160923 in [0.71,1.41], 173263 >1.41
coarsening 210811 vertices
5171598 tets, quality [0.07,1.00], 12849 in [0.07,0.30], 5158749 >0.30
6103190 edges, length [0.12,2.29], 376145 <0.71, 5554235 in [0.71,1.41], 172810 >1.41
refining 138716 edges
5835472 tets, quality [0.07,1.00], 16355 in [0.07,0.30], 5819117 >0.30
6906427 edges, length [0.10,2.14], 711339 <0.71, 6160949 in [0.71,1.41], 34139 >1.41
coarsening 126510 vertices
5323967 tets, quality [0.07,1.00], 19319 in [0.07,0.30], 5304648 >0.30
6267883 edges, length [0.12,2.14], 406270 <0.71, 5827587 in [0.71,1.41], 34026 >1.41
refining 31934 edges
5471859 tets, quality [0.07,1.00], 20720 in [0.07,0.30], 5451139 >0.30
6447776 edges, length [0.12,1.87], 490246 <0.71, 5955433 in [0.71,1.41], 2097 >1.41
coarsening 39406 vertices
5305701 tets, quality [0.07,1.00], 21290 in [0.07,0.30], 5284411 >0.30
6242107 edges, length [0.19,1.87], 393176 <0.71, 5846849 in [0.71,1.41], 2082 >1.41
refining 1950 edges
5314287 tets, quality [0.07,1.00], 21456 in [0.07,0.30], 5292831 >0.30
6252644 edges, length [0.19,1.73], 398498 <0.71, 5854014 in [0.71,1.41], 132 >1.41
coarsening 5895 vertices
5287155 tets, quality [0.07,1.00], 21703 in [0.07,0.30], 5265452 >0.30
6219598 edges, length [0.19,1.73], 385045 <0.71, 5834421 in [0.71,1.41], 132 >1.41
refining 44 edges
5287337 tets, quality [0.07,1.00], 21710 in [0.07,0.30], 5265627 >0.30
6219824 edges, length [0.19,1.66], 385168 <0.71, 5834568 in [0.71,1.41], 88 >1.41
coarsening 606 vertices
5284332 tets, quality [0.07,1.00], 21733 in [0.07,0.30], 5262599 >0.30
6216213 edges, length [0.19,1.66], 383831 <0.71, 5832294 in [0.71,1.41], 88 >1.41
refining 1 edges
5284335 tets, quality [0.07,1.00], 21733 in [0.07,0.30], 5262602 >0.30
6216217 edges, length [0.19,1.66], 383834 <0.71, 5832296 in [0.71,1.41], 87 >1.41
coarsening 75 vertices
5283961 tets, quality [0.07,1.00], 21732 in [0.07,0.30], 5262229 >0.30
6215767 edges, length [0.19,1.66], 383673 <0.71, 5832007 in [0.71,1.41], 87 >1.41
coarsening 10 vertices
5283909 tets, quality [0.07,1.00], 21735 in [0.07,0.30], 5262174 >0.30
6215705 edges, length [0.19,1.66], 383649 <0.71, 5831969 in [0.71,1.41], 87 >1.41
addressing element qualities
swapping 155696 3D edges
5280859 tets, quality [0.07,1.00], 2128 in [0.07,0.30], 5278731 >0.30
6212655 edges, length [0.19,2.03], 384967 <0.71, 5798340 in [0.71,1.41], 29348 >1.41
swapping 8184 3D edges
5279233 tets, quality [0.07,1.00], 124 in [0.07,0.30], 5279109 >0.30
6211029 edges, length [0.19,2.03], 384984 <0.71, 5795894 in [0.71,1.41], 30151 >1.41
swapping 271 3D edges
5279174 tets, quality [0.09,1.00], 30 in [0.07,0.30], 5279144 >0.30
6210970 edges, length [0.19,2.03], 384983 <0.71, 5795824 in [0.71,1.41], 30163 >1.41
swapping 19 3D edges
5279166 tets, quality [0.09,1.00], 20 in [0.07,0.30], 5279146 >0.30
6210962 edges, length [0.19,2.03], 384983 <0.71, 5795818 in [0.71,1.41], 30161 >1.41
swapping 4 3D edges
5279164 tets, quality [0.09,1.00], 17 in [0.07,0.30], 5279147 >0.30
6210960 edges, length [0.19,2.03], 384983 <0.71, 5795816 in [0.71,1.41], 30161 >1.41
coarsening 92 vertices
5278611 tets, quality [0.16,1.00], 5 in [0.07,0.30], 5278606 >0.30
6210309 edges, length [0.19,2.07], 384882 <0.71, 5795059 in [0.71,1.41], 30368 >1.41
swapping 17 3D edges
5278614 tets, quality [0.16,1.00], 4 in [0.07,0.30], 5278610 >0.30
6210312 edges, length [0.19,2.07], 384882 <0.71, 5795061 in [0.71,1.41], 30369 >1.41
swapping 6 3D edges
5278614 tets, quality [0.16,1.00], 3 in [0.07,0.30], 5278611 >0.30
6210312 edges, length [0.19,2.07], 384882 <0.71, 5795064 in [0.71,1.41], 30366 >1.41
coarsening 14 vertices
5278532 tets, quality [0.16,1.00], 2 in [0.07,0.30], 5278530 >0.30
6210216 edges, length [0.19,2.22], 384869 <0.71, 5794935 in [0.71,1.41], 30412 >1.41
swapping 10 3D edges
5278533 tets, quality [0.30,1.00], 5278533 >0.30
6210217 edges, length [0.19,2.22], 384869 <0.71, 5794933 in [0.71,1.41], 30415 >1.41
quality histogram:
0.00-0.10: 0
0.10-0.20: 0
0.20-0.30: 0
0.30-0.40: 18334
0.40-0.50: 49299
0.50-0.60: 204302
0.60-0.70: 772057
0.70-0.80: 1579852
0.80-0.90: 1849698
0.90-1.00: 804991
length histogram:
0.00-0.30: 56
0.30-0.60: 107707
0.60-0.90: 1955190
0.90-1.20: 2665186
1.20-1.50: 1469253
1.50-1.80: 12677
1.80-2.10: 147
2.10-2.40: 1
2.40-2.70: 0
2.70-3.00: 0
average quality: 0.788783
addressing edge lengths took 2.62105 seconds
addressing element qualities took 2.03092 seconds
adapting took 4.6848 seconds

