Main Branch:
rank 0: nverts 104305 nelms 581196
approach_metric moved by factor 0.25
before adapting:
581196 tets, quality [0.12,1.00], 230 in [0.07,0.30], 580966 >0.30
691152 edges, length [0.28,2.46], 6976 <0.71, 546660 in [0.71,1.41], 137516 >1.41
quality histogram:
0.00-0.10: 0
0.10-0.20: 23
0.20-0.30: 207
0.30-0.40: 1562
0.40-0.50: 7675
0.50-0.60: 28451
0.60-0.70: 78405
0.70-0.80: 160648
0.80-0.90: 201995
0.90-1.00: 102230
length histogram:
0.00-0.30: 1
0.30-0.60: 1249
0.60-0.90: 71091
0.90-1.20: 281395
1.20-1.50: 258436
1.50-1.80: 75186
1.80-2.10: 3718
2.10-2.40: 75
2.40-2.70: 1
2.70-3.00: 0
average quality: 0.791275
addressing edge lengths
refining 60426 edges
851751 tets, quality [0.12,1.00], 574 in [0.07,0.30], 851177 >0.30
1024025 edges, length [0.15,2.36], 74031 <0.71, 871351 in [0.71,1.41], 78643 >1.41
coarsening 16329 vertices
785741 tets, quality [0.07,1.00], 747 in [0.07,0.30], 784994 >0.30
941494 edges, length [0.17,2.36], 46380 <0.71, 816657 in [0.71,1.41], 78457 >1.41
refining 46222 edges
1020728 tets, quality [0.07,1.00], 1140 in [0.07,0.30], 1019588 >0.30
1223749 edges, length [0.10,2.36], 141108 <0.71, 1049822 in [0.71,1.41], 32819 >1.41
coarsening 29837 vertices
901617 tets, quality [0.07,1.00], 1866 in [0.07,0.30], 899751 >0.30
1074366 edges, length [0.16,2.36], 76174 <0.71, 965595 in [0.71,1.41], 32597 >1.41
refining 24936 edges
1029765 tets, quality [0.07,1.00], 2260 in [0.07,0.30], 1027505 >0.30
1227791 edges, length [0.14,2.14], 140937 <0.71, 1079117 in [0.71,1.41], 7737 >1.41
coarsening 20002 vertices
949206 tets, quality [0.07,1.00], 3588 in [0.07,0.30], 945618 >0.30
1127021 edges, length [0.17,2.14], 88555 <0.71, 1030793 in [0.71,1.41], 7673 >1.41
refining 6782 edges
982549 tets, quality [0.07,1.00], 3870 in [0.07,0.30], 978679 >0.30
1167202 edges, length [0.13,2.14], 107842 <0.71, 1058462 in [0.71,1.41], 898 >1.41
coarsening 6903 vertices
954176 tets, quality [0.07,1.00], 4203 in [0.07,0.30], 949973 >0.30
1131867 edges, length [0.17,2.14], 88900 <0.71, 1042079 in [0.71,1.41], 888 >1.41
refining 785 edges
957652 tets, quality [0.07,1.00], 4290 in [0.07,0.30], 953362 >0.30
1136131 edges, length [0.17,1.81], 91166 <0.71, 1044861 in [0.71,1.41], 104 >1.41
coarsening 1334 vertices
951826 tets, quality [0.07,1.00], 4266 in [0.07,0.30], 947560 >0.30
1128957 edges, length [0.20,1.81], 87645 <0.71, 1041215 in [0.71,1.41], 97 >1.41
refining 90 edges
952198 tets, quality [0.07,1.00], 4288 in [0.07,0.30], 947910 >0.30
1129419 edges, length [0.18,1.71], 87906 <0.71, 1041506 in [0.71,1.41], 7 >1.41
coarsening 283 vertices
950862 tets, quality [0.07,1.00], 4264 in [0.07,0.30], 946598 >0.30
1127797 edges, length [0.20,1.71], 87170 <0.71, 1040620 in [0.71,1.41], 7 >1.41
refining 4 edges
950880 tets, quality [0.07,1.00], 4265 in [0.07,0.30], 946615 >0.30
1127819 edges, length [0.20,1.53], 87185 <0.71, 1040631 in [0.71,1.41], 3 >1.41
coarsening 46 vertices
950653 tets, quality [0.07,1.00], 4258 in [0.07,0.30], 946395 >0.30
1127544 edges, length [0.20,1.53], 87057 <0.71, 1040484 in [0.71,1.41], 3 >1.41
coarsening 10 vertices
950606 tets, quality [0.07,1.00], 4262 in [0.07,0.30], 946344 >0.30
1127487 edges, length [0.20,1.53], 87029 <0.71, 1040455 in [0.71,1.41], 3 >1.41
coarsening 3 vertices
950590 tets, quality [0.07,1.00], 4262 in [0.07,0.30], 946328 >0.30
1127468 edges, length [0.20,1.53], 87022 <0.71, 1040443 in [0.71,1.41], 3 >1.41
addressing element qualities
swapping 26794 3D edges
951712 tets, quality [0.07,1.00], 465 in [0.07,0.30], 951247 >0.30
1128590 edges, length [0.20,2.12], 87297 <0.71, 1035316 in [0.71,1.41], 5977 >1.41
swapping 1693 3D edges
951387 tets, quality [0.10,1.00], 37 in [0.07,0.30], 951350 >0.30
1128265 edges, length [0.20,2.06], 87296 <0.71, 1034763 in [0.71,1.41], 6206 >1.41
swapping 54 3D edges
951380 tets, quality [0.23,1.00], 17 in [0.07,0.30], 951363 >0.30
1128258 edges, length [0.20,2.06], 87297 <0.71, 1034745 in [0.71,1.41], 6216 >1.41
swapping 10 3D edges
951380 tets, quality [0.24,1.00], 13 in [0.07,0.30], 951367 >0.30
1128258 edges, length [0.20,2.06], 87296 <0.71, 1034749 in [0.71,1.41], 6213 >1.41
swapping 1 3D edges
951381 tets, quality [0.24,1.00], 13 in [0.07,0.30], 951368 >0.30
1128259 edges, length [0.20,2.06], 87296 <0.71, 1034750 in [0.71,1.41], 6213 >1.41
coarsening 62 vertices
951029 tets, quality [0.24,1.00], 6 in [0.07,0.30], 951023 >0.30
1127840 edges, length [0.20,2.06], 87198 <0.71, 1034322 in [0.71,1.41], 6320 >1.41
swapping 21 3D edges
951032 tets, quality [0.24,1.00], 4 in [0.07,0.30], 951028 >0.30
1127843 edges, length [0.20,2.06], 87198 <0.71, 1034328 in [0.71,1.41], 6317 >1.41
swapping 5 3D edges
951033 tets, quality [0.24,1.00], 3 in [0.07,0.30], 951030 >0.30
1127844 edges, length [0.20,2.06], 87198 <0.71, 1034329 in [0.71,1.41], 6317 >1.41
coarsening 9 vertices
950976 tets, quality [0.30,1.00], 950976 >0.30
1127778 edges, length [0.20,2.06], 87187 <0.71, 1034255 in [0.71,1.41], 6336 >1.41
quality histogram:
0.00-0.10: 0
0.10-0.20: 0
0.20-0.30: 0
0.30-0.40: 3108
0.40-0.50: 9491
0.50-0.60: 42576
0.60-0.70: 155734
0.70-0.80: 309987
0.80-0.90: 314373
0.90-1.00: 115707
length histogram:
0.00-0.30: 14
0.30-0.60: 20940
0.60-0.90: 342124
0.90-1.20: 482801
1.20-1.50: 278919
1.50-1.80: 2897
1.80-2.10: 83
2.10-2.40: 0
2.40-2.70: 0
2.70-3.00: 0
average quality: 0.77764
addressing edge lengths took 1.2223 seconds
addressing element qualities took 0.660808 seconds
adapting took 1.8964 seconds

approach_metric moved by factor 0.5
before adapting:
950976 tets, quality [0.22,1.00], 206 in [0.07,0.30], 950770 >0.30
1127778 edges, length [0.27,2.74], 9701 <0.71, 625041 in [0.71,1.41], 493036 >1.41
quality histogram:
0.00-0.10: 0
0.10-0.20: 0
0.20-0.30: 206
0.30-0.40: 3103
0.40-0.50: 11318
0.50-0.60: 49711
0.60-0.70: 167042
0.70-0.80: 306841
0.80-0.90: 302410
0.90-1.00: 110345
length histogram:
0.00-0.30: 2
0.30-0.60: 2017
0.60-0.90: 63186
0.90-1.20: 319433
1.20-1.50: 353516
1.50-1.80: 304129
1.80-2.10: 84003
2.10-2.40: 1423
2.40-2.70: 67
2.70-3.00: 2
average quality: 0.771846
addressing edge lengths
refining 125180 edges
1530466 tets, quality [0.19,1.00], 946 in [0.07,0.30], 1529520 >0.30
1836654 edges, length [0.17,2.60], 80318 <0.71, 1340354 in [0.71,1.41], 415982 >1.41
coarsening 10105 vertices
1490431 tets, quality [0.07,1.00], 1043 in [0.07,0.30], 1489388 >0.30
1786282 edges, length [0.20,2.60], 62872 <0.71, 1308177 in [0.71,1.41], 415233 >1.41
refining 142402 edges
2232920 tets, quality [0.07,1.00], 2367 in [0.07,0.30], 2230553 >0.30
2674775 edges, length [0.13,2.44], 265218 <0.71, 2108965 in [0.71,1.41], 300592 >1.41
coarsening 55050 vertices
2014878 tets, quality [0.07,1.00], 3282 in [0.07,0.30], 2011596 >0.30
2400484 edges, length [0.20,2.44], 153993 <0.71, 1949904 in [0.71,1.41], 296587 >1.41
refining 141173 edges
2767968 tets, quality [0.07,1.00], 5467 in [0.07,0.30], 2762501 >0.30
3296719 edges, length [0.10,2.44], 445530 <0.71, 2686426 in [0.71,1.41], 164763 >1.41
coarsening 86231 vertices
2423359 tets, quality [0.07,1.00], 12220 in [0.07,0.30], 2411139 >0.30
2864738 edges, length [0.15,2.44], 240891 <0.71, 2462393 in [0.71,1.41], 161454 >1.41
refining 101030 edges
2935931 tets, quality [0.07,1.00], 15693 in [0.07,0.30], 2920238 >0.30
3479015 edges, length [0.10,2.44], 492866 <0.71, 2924045 in [0.71,1.41], 62104 >1.41
coarsening 79733 vertices
2613299 tets, quality [0.07,1.00], 20640 in [0.07,0.30], 2592659 >0.30
3076107 edges, length [0.10,2.44], 285477 <0.71, 2729670 in [0.71,1.41], 60960 >1.41
refining 45647 edges
2824376 tets, quality [0.07,1.00], 23905 in [0.07,0.30], 2800471 >0.30
3332958 edges, length [0.10,2.44], 409394 <0.71, 2907997 in [0.71,1.41], 15567 >1.41
coarsening 46167 vertices
2631781 tets, quality [0.07,1.00], 22894 in [0.07,0.30], 2608887 >0.30
3094019 edges, length [0.14,2.44], 286567 <0.71, 2792194 in [0.71,1.41], 15258 >1.41
refining 12862 edges
2686297 tets, quality [0.07,1.00], 24330 in [0.07,0.30], 2661967 >0.30
3161410 edges, length [0.10,2.36], 322905 <0.71, 2836075 in [0.71,1.41], 2430 >1.41
coarsening 19857 vertices
2597751 tets, quality [0.07,1.00], 22649 in [0.07,0.30], 2575102 >0.30
3052944 edges, length [0.15,2.36], 270837 <0.71, 2779723 in [0.71,1.41], 2384 >1.41
refining 2074 edges
2606031 tets, quality [0.07,1.00], 22953 in [0.07,0.30], 2583078 >0.30
3063299 edges, length [0.13,2.33], 276910 <0.71, 2786071 in [0.71,1.41], 318 >1.41
coarsening 7208 vertices
2571300 tets, quality [0.07,1.00], 22339 in [0.07,0.30], 2548961 >0.30
3021336 edges, length [0.15,2.33], 258666 <0.71, 2762359 in [0.71,1.41], 311 >1.41
refining 192 edges
2572049 tets, quality [0.07,1.00], 22367 in [0.07,0.30], 2549682 >0.30
3022277 edges, length [0.11,1.95], 259263 <0.71, 2762895 in [0.71,1.41], 119 >1.41
coarsening 2350 vertices
2560250 tets, quality [0.07,1.00], 22241 in [0.07,0.30], 2538009 >0.30
3008119 edges, length [0.15,1.95], 253577 <0.71, 2754426 in [0.71,1.41], 116 >1.41
refining 27 edges
2560356 tets, quality [0.07,1.00], 22261 in [0.07,0.30], 2538095 >0.30
3008252 edges, length [0.10,1.95], 253663 <0.71, 2754500 in [0.71,1.41], 89 >1.41
coarsening 645 vertices
2557051 tets, quality [0.07,1.00], 22197 in [0.07,0.30], 2534854 >0.30
3004299 edges, length [0.12,1.95], 252156 <0.71, 2752054 in [0.71,1.41], 89 >1.41
refining 5 edges
2557071 tets, quality [0.07,1.00], 22202 in [0.07,0.30], 2534869 >0.30
3004324 edges, length [0.12,1.95], 252174 <0.71, 2752066 in [0.71,1.41], 84 >1.41
coarsening 133 vertices
2556396 tets, quality [0.07,1.00], 22181 in [0.07,0.30], 2534215 >0.30
3003516 edges, length [0.12,1.95], 251852 <0.71, 2751580 in [0.71,1.41], 84 >1.41
coarsening 29 vertices
2556248 tets, quality [0.07,1.00], 22162 in [0.07,0.30], 2534086 >0.30
3003339 edges, length [0.15,1.95], 251783 <0.71, 2751472 in [0.71,1.41], 84 >1.41
coarsening 6 vertices
2556218 tets, quality [0.07,1.00], 22157 in [0.07,0.30], 2534061 >0.30
3003303 edges, length [0.15,1.95], 251768 <0.71, 2751451 in [0.71,1.41], 84 >1.41
coarsening 3 vertices
2556201 tets, quality [0.07,1.00], 22156 in [0.07,0.30], 2534045 >0.30
3003283 edges, length [0.15,1.95], 251760 <0.71, 2751439 in [0.71,1.41], 84 >1.41
coarsening 1 vertices
2556196 tets, quality [0.07,1.00], 22157 in [0.07,0.30], 2534039 >0.30
3003277 edges, length [0.15,1.95], 251756 <0.71, 2751437 in [0.71,1.41], 84 >1.41
addressing element qualities
swapping 149632 3D edges
2539048 tets, quality [0.07,1.00], 2788 in [0.07,0.30], 2536260 >0.30
2986129 edges, length [0.05,2.13], 252886 <0.71, 2714768 in [0.71,1.41], 18475 >1.41
swapping 12396 3D edges
2536579 tets, quality [0.08,1.00], 257 in [0.07,0.30], 2536322 >0.30
2983660 edges, length [0.05,2.13], 252890 <0.71, 2711216 in [0.71,1.41], 19554 >1.41
swapping 667 3D edges
2536477 tets, quality [0.08,1.00], 43 in [0.07,0.30], 2536434 >0.30
2983558 edges, length [0.05,2.13], 252893 <0.71, 2711073 in [0.71,1.41], 19592 >1.41
swapping 48 3D edges
2536469 tets, quality [0.08,1.00], 27 in [0.07,0.30], 2536442 >0.30
2983550 edges, length [0.05,2.13], 252893 <0.71, 2711060 in [0.71,1.41], 19597 >1.41
swapping 10 3D edges
2536473 tets, quality [0.08,1.00], 26 in [0.07,0.30], 2536447 >0.30
2983554 edges, length [0.05,2.13], 252893 <0.71, 2711066 in [0.71,1.41], 19595 >1.41
swapping 6 3D edges
2536471 tets, quality [0.08,1.00], 25 in [0.07,0.30], 2536446 >0.30
2983552 edges, length [0.05,2.13], 252893 <0.71, 2711068 in [0.71,1.41], 19591 >1.41
swapping 4 3D edges
2536472 tets, quality [0.08,1.00], 25 in [0.07,0.30], 2536447 >0.30
2983553 edges, length [0.05,2.13], 252893 <0.71, 2711070 in [0.71,1.41], 19590 >1.41
swapping 4 3D edges
2536470 tets, quality [0.08,1.00], 24 in [0.07,0.30], 2536446 >0.30
2983551 edges, length [0.05,2.13], 252893 <0.71, 2711067 in [0.71,1.41], 19591 >1.41
swapping 1 3D edges
2536471 tets, quality [0.08,1.00], 25 in [0.07,0.30], 2536446 >0.30
2983552 edges, length [0.05,2.13], 252893 <0.71, 2711068 in [0.71,1.41], 19591 >1.41
swapping 2 3D edges
2536470 tets, quality [0.08,1.00], 25 in [0.07,0.30], 2536445 >0.30
2983551 edges, length [0.05,2.13], 252893 <0.71, 2711067 in [0.71,1.41], 19591 >1.41
swapping 2 3D edges
2536469 tets, quality [0.08,1.00], 25 in [0.07,0.30], 2536444 >0.30
2983550 edges, length [0.05,2.13], 252893 <0.71, 2711065 in [0.71,1.41], 19592 >1.41
swapping 1 3D edges
2536469 tets, quality [0.08,1.00], 25 in [0.07,0.30], 2536444 >0.30
2983550 edges, length [0.05,2.13], 252893 <0.71, 2711064 in [0.71,1.41], 19593 >1.41
coarsening 95 vertices
2535899 tets, quality [0.17,1.00], 7 in [0.07,0.30], 2535892 >0.30
2982879 edges, length [0.15,2.17], 252737 <0.71, 2710365 in [0.71,1.41], 19777 >1.41
swapping 15 3D edges
2535899 tets, quality [0.17,1.00], 6 in [0.07,0.30], 2535893 >0.30
2982879 edges, length [0.15,2.17], 252737 <0.71, 2710366 in [0.71,1.41], 19776 >1.41
swapping 3 3D edges
2535898 tets, quality [0.17,1.00], 5 in [0.07,0.30], 2535893 >0.30
2982878 edges, length [0.15,2.17], 252737 <0.71, 2710365 in [0.71,1.41], 19776 >1.41
swapping 1 3D edges
2535897 tets, quality [0.17,1.00], 5 in [0.07,0.30], 2535892 >0.30
2982877 edges, length [0.15,2.17], 252737 <0.71, 2710364 in [0.71,1.41], 19776 >1.41
coarsening 14 vertices
2535814 tets, quality [0.28,1.00], 2 in [0.07,0.30], 2535812 >0.30
2982780 edges, length [0.15,2.17], 252723 <0.71, 2710255 in [0.71,1.41], 19802 >1.41
swapping 7 3D edges
2535813 tets, quality [0.28,1.00], 2 in [0.07,0.30], 2535811 >0.30
2982779 edges, length [0.15,2.17], 252723 <0.71, 2710255 in [0.71,1.41], 19801 >1.41
swapping 1 3D edges
2535814 tets, quality [0.28,1.00], 2 in [0.07,0.30], 2535812 >0.30
2982780 edges, length [0.15,2.17], 252723 <0.71, 2710256 in [0.71,1.41], 19801 >1.41
coarsening 6 vertices
2535776 tets, quality [0.30,1.00], 2535776 >0.30
2982736 edges, length [0.15,2.33], 252719 <0.71, 2710200 in [0.71,1.41], 19817 >1.41
quality histogram:
0.00-0.10: 0
0.10-0.20: 0
0.20-0.30: 0
0.30-0.40: 11262
0.40-0.50: 32573
0.50-0.60: 133795
0.60-0.70: 435625
0.70-0.80: 779391
0.80-0.90: 812356
0.90-1.00: 330774
length histogram:
0.00-0.30: 66
0.30-0.60: 79975
0.60-0.90: 1083379
0.90-1.20: 1194741
1.20-1.50: 615745
1.50-1.80: 8694
1.80-2.10: 133
2.10-2.40: 3
2.40-2.70: 0
2.70-3.00: 0
average quality: 0.774602
addressing edge lengths took 3.40615 seconds
addressing element qualities took 2.59244 seconds
adapting took 6.01982 seconds

approach_metric moved by factor 0.5
before adapting:
2535776 tets, quality [0.23,1.00], 311 in [0.07,0.30], 2535465 >0.30
2982736 edges, length [0.17,2.68], 95496 <0.71, 2355768 in [0.71,1.41], 531472 >1.41
quality histogram:
0.00-0.10: 0
0.10-0.20: 0
0.20-0.30: 311
0.30-0.40: 11462
0.40-0.50: 35070
0.50-0.60: 142805
0.60-0.70: 445290
0.70-0.80: 777364
0.80-0.90: 801898
0.90-1.00: 321576
length histogram:
0.00-0.30: 22
0.30-0.60: 30370
0.60-0.90: 547069
0.90-1.20: 1203310
1.20-1.50: 895809
1.50-1.80: 301459
1.80-2.10: 4586
2.10-2.40: 106
2.40-2.70: 5
2.70-3.00: 0
average quality: 0.771998
addressing edge lengths
refining 242914 edges
3622178 tets, quality [0.16,1.00], 2102 in [0.07,0.30], 3620076 >0.30
4317021 edges, length [0.16,2.48], 411977 <0.71, 3615235 in [0.71,1.41], 289809 >1.41
coarsening 94380 vertices
3244517 tets, quality [0.07,1.00], 5631 in [0.07,0.30], 3238886 >0.30
3843456 edges, length [0.17,2.48], 224230 <0.71, 3330181 in [0.71,1.41], 289045 >1.41
refining 177530 edges
4106012 tets, quality [0.07,1.00], 8430 in [0.07,0.30], 4097582 >0.30
4884507 edges, length [0.11,2.48], 597256 <0.71, 4175384 in [0.71,1.41], 111867 >1.41
coarsening 142867 vertices
3534528 tets, quality [0.07,1.00], 10609 in [0.07,0.30], 3523919 >0.30
4168809 edges, length [0.13,2.48], 280790 <0.71, 3776557 in [0.71,1.41], 111462 >1.41
refining 89783 edges
3957606 tets, quality [0.07,1.00], 13288 in [0.07,0.30], 3944318 >0.30
4682143 edges, length [0.12,2.48], 502802 <0.71, 4157627 in [0.71,1.41], 21714 >1.41
coarsening 85481 vertices
3610180 tets, quality [0.07,1.00], 14436 in [0.07,0.30], 3595744 >0.30
4248822 edges, length [0.13,2.48], 293337 <0.71, 3933853 in [0.71,1.41], 21632 >1.41
refining 20256 edges
3702184 tets, quality [0.07,1.00], 15594 in [0.07,0.30], 3686590 >0.30
4361118 edges, length [0.12,2.48], 346774 <0.71, 4012961 in [0.71,1.41], 1383 >1.41
coarsening 27408 vertices
3584676 tets, quality [0.07,1.00], 15539 in [0.07,0.30], 3569137 >0.30
4216132 edges, length [0.19,2.48], 279548 <0.71, 3935211 in [0.71,1.41], 1373 >1.41
refining 1282 edges
3590192 tets, quality [0.07,1.00], 15664 in [0.07,0.30], 3574528 >0.30
4222932 edges, length [0.17,2.12], 282945 <0.71, 3939896 in [0.71,1.41], 91 >1.41
coarsening 4683 vertices
3568124 tets, quality [0.07,1.00], 15722 in [0.07,0.30], 3552402 >0.30
4196168 edges, length [0.19,2.12], 272361 <0.71, 3923720 in [0.71,1.41], 87 >1.41
refining 31 edges
3568247 tets, quality [0.07,1.00], 15729 in [0.07,0.30], 3552518 >0.30
4196322 edges, length [0.19,2.12], 272456 <0.71, 3923809 in [0.71,1.41], 57 >1.41
coarsening 568 vertices
3565395 tets, quality [0.07,1.00], 15742 in [0.07,0.30], 3549653 >0.30
4192898 edges, length [0.19,2.12], 271253 <0.71, 3921588 in [0.71,1.41], 57 >1.41
refining 3 edges
3565407 tets, quality [0.07,1.00], 15745 in [0.07,0.30], 3549662 >0.30
4192913 edges, length [0.19,1.91], 271263 <0.71, 3921596 in [0.71,1.41], 54 >1.41
coarsening 60 vertices
3565112 tets, quality [0.07,1.00], 15735 in [0.07,0.30], 3549377 >0.30
4192558 edges, length [0.19,1.91], 271130 <0.71, 3921374 in [0.71,1.41], 54 >1.41
refining 2 edges
3565120 tets, quality [0.07,1.00], 15737 in [0.07,0.30], 3549383 >0.30
4192568 edges, length [0.19,1.91], 271136 <0.71, 3921380 in [0.71,1.41], 52 >1.41
coarsening 17 vertices
3565042 tets, quality [0.07,1.00], 15734 in [0.07,0.30], 3549308 >0.30
4192473 edges, length [0.19,1.91], 271099 <0.71, 3921322 in [0.71,1.41], 52 >1.41
coarsening 5 vertices
3565016 tets, quality [0.07,1.00], 15733 in [0.07,0.30], 3549283 >0.30
4192442 edges, length [0.19,1.91], 271088 <0.71, 3921302 in [0.71,1.41], 52 >1.41
coarsening 1 vertices
3565010 tets, quality [0.07,1.00], 15732 in [0.07,0.30], 3549278 >0.30
4192435 edges, length [0.19,1.91], 271084 <0.71, 3921299 in [0.71,1.41], 52 >1.41
coarsening 1 vertices
3565004 tets, quality [0.07,1.00], 15732 in [0.07,0.30], 3549272 >0.30
4192428 edges, length [0.19,1.91], 271081 <0.71, 3921295 in [0.71,1.41], 52 >1.41
addressing element qualities
swapping 115022 3D edges
3559271 tets, quality [0.07,1.00], 1634 in [0.07,0.30], 3557637 >0.30
4186695 edges, length [0.19,1.95], 272055 <0.71, 3894369 in [0.71,1.41], 20271 >1.41
swapping 6625 3D edges
3557954 tets, quality [0.08,1.00], 104 in [0.07,0.30], 3557850 >0.30
4185378 edges, length [0.19,1.95], 272073 <0.71, 3892388 in [0.71,1.41], 20917 >1.41
swapping 239 3D edges
3557913 tets, quality [0.14,1.00], 24 in [0.07,0.30], 3557889 >0.30
4185337 edges, length [0.19,1.95], 272075 <0.71, 3892336 in [0.71,1.41], 20926 >1.41
swapping 21 3D edges
3557907 tets, quality [0.15,1.00], 17 in [0.07,0.30], 3557890 >0.30
4185331 edges, length [0.19,1.95], 272075 <0.71, 3892326 in [0.71,1.41], 20930 >1.41
swapping 2 3D edges
3557906 tets, quality [0.15,1.00], 17 in [0.07,0.30], 3557889 >0.30
4185330 edges, length [0.19,1.95], 272075 <0.71, 3892325 in [0.71,1.41], 20930 >1.41
coarsening 70 vertices
3557493 tets, quality [0.15,1.00], 8 in [0.07,0.30], 3557485 >0.30
4184839 edges, length [0.19,2.16], 271999 <0.71, 3891742 in [0.71,1.41], 21098 >1.41
swapping 31 3D edges
3557495 tets, quality [0.15,1.00], 8 in [0.07,0.30], 3557487 >0.30
4184841 edges, length [0.19,2.16], 271999 <0.71, 3891747 in [0.71,1.41], 21095 >1.41
swapping 14 3D edges
3557500 tets, quality [0.15,1.00], 6 in [0.07,0.30], 3557494 >0.30
4184846 edges, length [0.19,2.16], 271999 <0.71, 3891747 in [0.71,1.41], 21100 >1.41
swapping 1 3D edges
3557500 tets, quality [0.15,1.00], 6 in [0.07,0.30], 3557494 >0.30
4184846 edges, length [0.19,2.16], 271999 <0.71, 3891747 in [0.71,1.41], 21100 >1.41
coarsening 24 vertices
3557369 tets, quality [0.23,1.00], 1 in [0.07,0.30], 3557368 >0.30
4184687 edges, length [0.19,2.23], 271979 <0.71, 3891560 in [0.71,1.41], 21148 >1.41
swapping 3 3D edges
3557370 tets, quality [0.23,1.00], 1 in [0.07,0.30], 3557369 >0.30
4184688 edges, length [0.19,2.23], 271979 <0.71, 3891563 in [0.71,1.41], 21146 >1.41
swapping 1 3D edges
3557369 tets, quality [0.30,1.00], 3557369 >0.30
4184687 edges, length [0.19,2.23], 271979 <0.71, 3891562 in [0.71,1.41], 21146 >1.41
quality histogram:
0.00-0.10: 0
0.10-0.20: 0
0.20-0.30: 0
0.30-0.40: 13674
0.40-0.50: 37304
0.50-0.60: 149565
0.60-0.70: 524393
0.70-0.80: 1043944
0.80-0.90: 1232050
0.90-1.00: 556439
length histogram:
0.00-0.30: 53
0.30-0.60: 78717
0.60-0.90: 1336404
0.90-1.20: 1842098
1.20-1.50: 918387
1.50-1.80: 8919
1.80-2.10: 105
2.10-2.40: 4
2.40-2.70: 0
2.70-3.00: 0
average quality: 0.787893
addressing edge lengths took 3.38525 seconds
addressing element qualities took 1.88757 seconds
adapting took 5.29761 seconds

before adapting:
3557369 tets, quality [0.24,1.00], 355 in [0.07,0.30], 3557014 >0.30
4184687 edges, length [0.22,2.52], 94020 <0.71, 3286664 in [0.71,1.41], 804003 >1.41
quality histogram:
0.00-0.10: 0
0.10-0.20: 0
0.20-0.30: 355
0.30-0.40: 13751
0.40-0.50: 40244
0.50-0.60: 160804
0.60-0.70: 542721
0.70-0.80: 1050223
0.80-0.90: 1217068
0.90-1.00: 532203
length histogram:
0.00-0.30: 13
0.30-0.60: 24925
0.60-0.90: 673873
0.90-1.20: 1613004
1.20-1.50: 1414980
1.50-1.80: 453293
1.80-2.10: 4520
2.10-2.40: 76
2.40-2.70: 3
2.70-3.00: 0
average quality: 0.784651
addressing edge lengths
refining 360969 edges
5173495 tets, quality [0.20,1.00], 2580 in [0.07,0.30], 5170915 >0.30
6168082 edges, length [0.14,2.52], 506621 <0.71, 5216676 in [0.71,1.41], 444785 >1.41
coarsening 122655 vertices
4684791 tets, quality [0.07,1.00], 6107 in [0.07,0.30], 4678684 >0.30
5555153 edges, length [0.22,2.52], 278085 <0.71, 4833284 in [0.71,1.41], 443784 >1.41
refining 271028 edges
6013579 tets, quality [0.07,1.00], 9466 in [0.07,0.30], 6004113 >0.30
7157547 edges, length [0.09,2.29], 823348 <0.71, 6160966 in [0.71,1.41], 173233 >1.41
coarsening 210823 vertices
5171497 tets, quality [0.07,1.00], 12825 in [0.07,0.30], 5158672 >0.30
6103056 edges, length [0.12,2.29], 376103 <0.71, 5554172 in [0.71,1.41], 172781 >1.41
refining 138716 edges
5835379 tets, quality [0.07,1.00], 16336 in [0.07,0.30], 5819043 >0.30
6906301 edges, length [0.10,2.14], 711309 <0.71, 6160882 in [0.71,1.41], 34110 >1.41
coarsening 126502 vertices
5323897 tets, quality [0.07,1.00], 19302 in [0.07,0.30], 5304595 >0.30
6267788 edges, length [0.12,2.14], 406278 <0.71, 5827516 in [0.71,1.41], 33994 >1.41
refining 31905 edges
5471628 tets, quality [0.07,1.00], 20697 in [0.07,0.30], 5450931 >0.30
6447492 edges, length [0.12,1.87], 490168 <0.71, 5955230 in [0.71,1.41], 2094 >1.41
coarsening 39382 vertices
5305563 tets, quality [0.07,1.00], 21281 in [0.07,0.30], 5284282 >0.30
6241941 edges, length [0.19,1.87], 393154 <0.71, 5846708 in [0.71,1.41], 2079 >1.41
refining 1946 edges
5314131 tets, quality [0.07,1.00], 21445 in [0.07,0.30], 5292686 >0.30
6252456 edges, length [0.19,1.73], 398459 <0.71, 5853864 in [0.71,1.41], 133 >1.41
coarsening 5898 vertices
5286977 tets, quality [0.07,1.00], 21695 in [0.07,0.30], 5265282 >0.30
6219385 edges, length [0.19,1.73], 385007 <0.71, 5834245 in [0.71,1.41], 133 >1.41
refining 44 edges
5287160 tets, quality [0.07,1.00], 21702 in [0.07,0.30], 5265458 >0.30
6219612 edges, length [0.19,1.66], 385129 <0.71, 5834394 in [0.71,1.41], 89 >1.41
coarsening 606 vertices
5284153 tets, quality [0.07,1.00], 21723 in [0.07,0.30], 5262430 >0.30
6215999 edges, length [0.19,1.66], 383793 <0.71, 5832117 in [0.71,1.41], 89 >1.41
refining 1 edges
5284156 tets, quality [0.07,1.00], 21723 in [0.07,0.30], 5262433 >0.30
6216003 edges, length [0.19,1.66], 383796 <0.71, 5832119 in [0.71,1.41], 88 >1.41
coarsening 73 vertices
5283793 tets, quality [0.07,1.00], 21722 in [0.07,0.30], 5262071 >0.30
6215566 edges, length [0.19,1.66], 383639 <0.71, 5831839 in [0.71,1.41], 88 >1.41
coarsening 10 vertices
5283741 tets, quality [0.07,1.00], 21725 in [0.07,0.30], 5262016 >0.30
6215504 edges, length [0.19,1.66], 383615 <0.71, 5831801 in [0.71,1.41], 88 >1.41
addressing element qualities
swapping 155682 3D edges
5280625 tets, quality [0.07,1.00], 2123 in [0.07,0.30], 5278502 >0.30
6212388 edges, length [0.19,2.03], 384932 <0.71, 5798117 in [0.71,1.41], 29339 >1.41
swapping 8171 3D edges
5279028 tets, quality [0.07,1.00], 124 in [0.07,0.30], 5278904 >0.30
6210791 edges, length [0.19,2.03], 384949 <0.71, 5795699 in [0.71,1.41], 30143 >1.41
swapping 278 3D edges
5278971 tets, quality [0.09,1.00], 29 in [0.07,0.30], 5278942 >0.30
6210734 edges, length [0.19,2.03], 384948 <0.71, 5795630 in [0.71,1.41], 30156 >1.41
swapping 19 3D edges
5278963 tets, quality [0.09,1.00], 19 in [0.07,0.30], 5278944 >0.30
6210726 edges, length [0.19,2.03], 384948 <0.71, 5795624 in [0.71,1.41], 30154 >1.41
swapping 4 3D edges
5278961 tets, quality [0.09,1.00], 16 in [0.07,0.30], 5278945 >0.30
6210724 edges, length [0.19,2.03], 384948 <0.71, 5795622 in [0.71,1.41], 30154 >1.41
coarsening 87 vertices
5278437 tets, quality [0.16,1.00], 5 in [0.07,0.30], 5278432 >0.30
6210108 edges, length [0.19,2.07], 384854 <0.71, 5794903 in [0.71,1.41], 30351 >1.41
swapping 17 3D edges
5278440 tets, quality [0.16,1.00], 4 in [0.07,0.30], 5278436 >0.30
6210111 edges, length [0.19,2.07], 384854 <0.71, 5794905 in [0.71,1.41], 30352 >1.41
swapping 6 3D edges
5278440 tets, quality [0.16,1.00], 3 in [0.07,0.30], 5278437 >0.30
6210111 edges, length [0.19,2.07], 384854 <0.71, 5794908 in [0.71,1.41], 30349 >1.41
coarsening 14 vertices
5278358 tets, quality [0.16,1.00], 2 in [0.07,0.30], 5278356 >0.30
6210015 edges, length [0.19,2.22], 384841 <0.71, 5794779 in [0.71,1.41], 30395 >1.41
swapping 10 3D edges
5278359 tets, quality [0.30,1.00], 5278359 >0.30
6210016 edges, length [0.19,2.22], 384841 <0.71, 5794777 in [0.71,1.41], 30398 >1.41
quality histogram:
0.00-0.10: 0
0.10-0.20: 0
0.20-0.30: 0
0.30-0.40: 18342
0.40-0.50: 49319
0.50-0.60: 204310
0.60-0.70: 772010
0.70-0.80: 1579615
0.80-0.90: 1849771
0.90-1.00: 804992
length histogram:
0.00-0.30: 57
0.30-0.60: 107666
0.60-0.90: 1955061
0.90-1.20: 2665116
1.20-1.50: 1469294
1.50-1.80: 12671
1.80-2.10: 150
2.10-2.40: 1
2.40-2.70: 0
2.70-3.00: 0
average quality: 0.788783
addressing edge lengths took 3.77809 seconds
addressing element qualities took 2.84188 seconds
adapting took 6.68101 seconds

Const-Compatibility Branch:
rank 0: nverts 104305 nelms 581196
approach_metric moved by factor 0.25
before adapting:
581196 tets, quality [0.12,1.00], 230 in [0.07,0.30], 580966 >0.30
691152 edges, length [0.28,2.46], 6976 <0.71, 546660 in [0.71,1.41], 137516 >1.41
quality histogram:
0.00-0.10: 0
0.10-0.20: 23
0.20-0.30: 207
0.30-0.40: 1562
0.40-0.50: 7675
0.50-0.60: 28451
0.60-0.70: 78405
0.70-0.80: 160648
0.80-0.90: 201995
0.90-1.00: 102230
length histogram:
0.00-0.30: 1
0.30-0.60: 1249
0.60-0.90: 71091
0.90-1.20: 281395
1.20-1.50: 258436
1.50-1.80: 75186
1.80-2.10: 3718
2.10-2.40: 75
2.40-2.70: 1
2.70-3.00: 0
average quality: 0.791275
addressing edge lengths
refining 60426 edges
851751 tets, quality [0.12,1.00], 574 in [0.07,0.30], 851177 >0.30
1024025 edges, length [0.15,2.36], 74031 <0.71, 871351 in [0.71,1.41], 78643 >1.41
coarsening 16329 vertices
785741 tets, quality [0.07,1.00], 747 in [0.07,0.30], 784994 >0.30
941494 edges, length [0.17,2.36], 46380 <0.71, 816657 in [0.71,1.41], 78457 >1.41
refining 46222 edges
1020728 tets, quality [0.07,1.00], 1140 in [0.07,0.30], 1019588 >0.30
1223749 edges, length [0.10,2.36], 141108 <0.71, 1049822 in [0.71,1.41], 32819 >1.41
coarsening 29837 vertices
901617 tets, quality [0.07,1.00], 1866 in [0.07,0.30], 899751 >0.30
1074366 edges, length [0.16,2.36], 76174 <0.71, 965595 in [0.71,1.41], 32597 >1.41
refining 24936 edges
1029765 tets, quality [0.07,1.00], 2260 in [0.07,0.30], 1027505 >0.30
1227791 edges, length [0.14,2.14], 140937 <0.71, 1079117 in [0.71,1.41], 7737 >1.41
coarsening 20002 vertices
949206 tets, quality [0.07,1.00], 3588 in [0.07,0.30], 945618 >0.30
1127021 edges, length [0.17,2.14], 88555 <0.71, 1030793 in [0.71,1.41], 7673 >1.41
refining 6782 edges
982549 tets, quality [0.07,1.00], 3870 in [0.07,0.30], 978679 >0.30
1167202 edges, length [0.13,2.14], 107842 <0.71, 1058462 in [0.71,1.41], 898 >1.41
coarsening 6903 vertices
954176 tets, quality [0.07,1.00], 4203 in [0.07,0.30], 949973 >0.30
1131867 edges, length [0.17,2.14], 88900 <0.71, 1042079 in [0.71,1.41], 888 >1.41
refining 785 edges
957652 tets, quality [0.07,1.00], 4290 in [0.07,0.30], 953362 >0.30
1136131 edges, length [0.17,1.81], 91166 <0.71, 1044861 in [0.71,1.41], 104 >1.41
coarsening 1334 vertices
951826 tets, quality [0.07,1.00], 4266 in [0.07,0.30], 947560 >0.30
1128957 edges, length [0.20,1.81], 87645 <0.71, 1041215 in [0.71,1.41], 97 >1.41
refining 90 edges
952198 tets, quality [0.07,1.00], 4288 in [0.07,0.30], 947910 >0.30
1129419 edges, length [0.18,1.71], 87906 <0.71, 1041506 in [0.71,1.41], 7 >1.41
coarsening 283 vertices
950862 tets, quality [0.07,1.00], 4264 in [0.07,0.30], 946598 >0.30
1127797 edges, length [0.20,1.71], 87170 <0.71, 1040620 in [0.71,1.41], 7 >1.41
refining 4 edges
950880 tets, quality [0.07,1.00], 4265 in [0.07,0.30], 946615 >0.30
1127819 edges, length [0.20,1.53], 87185 <0.71, 1040631 in [0.71,1.41], 3 >1.41
coarsening 46 vertices
950653 tets, quality [0.07,1.00], 4258 in [0.07,0.30], 946395 >0.30
1127544 edges, length [0.20,1.53], 87057 <0.71, 1040484 in [0.71,1.41], 3 >1.41
coarsening 10 vertices
950606 tets, quality [0.07,1.00], 4262 in [0.07,0.30], 946344 >0.30
1127487 edges, length [0.20,1.53], 87029 <0.71, 1040455 in [0.71,1.41], 3 >1.41
coarsening 3 vertices
950590 tets, quality [0.07,1.00], 4262 in [0.07,0.30], 946328 >0.30
1127468 edges, length [0.20,1.53], 87022 <0.71, 1040443 in [0.71,1.41], 3 >1.41
addressing element qualities
swapping 26794 3D edges
951712 tets, quality [0.07,1.00], 465 in [0.07,0.30], 951247 >0.30
1128590 edges, length [0.20,2.12], 87297 <0.71, 1035316 in [0.71,1.41], 5977 >1.41
swapping 1693 3D edges
951387 tets, quality [0.10,1.00], 37 in [0.07,0.30], 951350 >0.30
1128265 edges, length [0.20,2.06], 87296 <0.71, 1034763 in [0.71,1.41], 6206 >1.41
swapping 54 3D edges
951380 tets, quality [0.23,1.00], 17 in [0.07,0.30], 951363 >0.30
1128258 edges, length [0.20,2.06], 87297 <0.71, 1034745 in [0.71,1.41], 6216 >1.41
swapping 10 3D edges
951380 tets, quality [0.24,1.00], 13 in [0.07,0.30], 951367 >0.30
1128258 edges, length [0.20,2.06], 87296 <0.71, 1034749 in [0.71,1.41], 6213 >1.41
swapping 1 3D edges
951381 tets, quality [0.24,1.00], 13 in [0.07,0.30], 951368 >0.30
1128259 edges, length [0.20,2.06], 87296 <0.71, 1034750 in [0.71,1.41], 6213 >1.41
coarsening 62 vertices
951029 tets, quality [0.24,1.00], 6 in [0.07,0.30], 951023 >0.30
1127840 edges, length [0.20,2.06], 87198 <0.71, 1034322 in [0.71,1.41], 6320 >1.41
swapping 21 3D edges
951032 tets, quality [0.24,1.00], 4 in [0.07,0.30], 951028 >0.30
1127843 edges, length [0.20,2.06], 87198 <0.71, 1034328 in [0.71,1.41], 6317 >1.41
swapping 5 3D edges
951033 tets, quality [0.24,1.00], 3 in [0.07,0.30], 951030 >0.30
1127844 edges, length [0.20,2.06], 87198 <0.71, 1034329 in [0.71,1.41], 6317 >1.41
coarsening 9 vertices
950976 tets, quality [0.30,1.00], 950976 >0.30
1127778 edges, length [0.20,2.06], 87187 <0.71, 1034255 in [0.71,1.41], 6336 >1.41
quality histogram:
0.00-0.10: 0
0.10-0.20: 0
0.20-0.30: 0
0.30-0.40: 3108
0.40-0.50: 9491
0.50-0.60: 42576
0.60-0.70: 155734
0.70-0.80: 309987
0.80-0.90: 314373
0.90-1.00: 115707
length histogram:
0.00-0.30: 14
0.30-0.60: 20940
0.60-0.90: 342124
0.90-1.20: 482801
1.20-1.50: 278919
1.50-1.80: 2897
1.80-2.10: 83
2.10-2.40: 0
2.40-2.70: 0
2.70-3.00: 0
average quality: 0.77764
addressing edge lengths took 1.21895 seconds
addressing element qualities took 0.661273 seconds
adapting took 1.89377 seconds

approach_metric moved by factor 0.5
before adapting:
950976 tets, quality [0.22,1.00], 206 in [0.07,0.30], 950770 >0.30
1127778 edges, length [0.27,2.74], 9701 <0.71, 625041 in [0.71,1.41], 493036 >1.41
quality histogram:
0.00-0.10: 0
0.10-0.20: 0
0.20-0.30: 206
0.30-0.40: 3103
0.40-0.50: 11318
0.50-0.60: 49711
0.60-0.70: 167042
0.70-0.80: 306841
0.80-0.90: 302410
0.90-1.00: 110345
length histogram:
0.00-0.30: 2
0.30-0.60: 2017
0.60-0.90: 63186
0.90-1.20: 319433
1.20-1.50: 353516
1.50-1.80: 304129
1.80-2.10: 84003
2.10-2.40: 1423
2.40-2.70: 67
2.70-3.00: 2
average quality: 0.771846
addressing edge lengths
refining 125180 edges
1530466 tets, quality [0.19,1.00], 946 in [0.07,0.30], 1529520 >0.30
1836654 edges, length [0.17,2.60], 80318 <0.71, 1340354 in [0.71,1.41], 415982 >1.41
coarsening 10105 vertices
1490431 tets, quality [0.07,1.00], 1043 in [0.07,0.30], 1489388 >0.30
1786282 edges, length [0.20,2.60], 62872 <0.71, 1308177 in [0.71,1.41], 415233 >1.41
refining 142402 edges
2232920 tets, quality [0.07,1.00], 2367 in [0.07,0.30], 2230553 >0.30
2674775 edges, length [0.13,2.44], 265218 <0.71, 2108965 in [0.71,1.41], 300592 >1.41
coarsening 55050 vertices
2014878 tets, quality [0.07,1.00], 3282 in [0.07,0.30], 2011596 >0.30
2400484 edges, length [0.20,2.44], 153993 <0.71, 1949904 in [0.71,1.41], 296587 >1.41
refining 141173 edges
2767968 tets, quality [0.07,1.00], 5467 in [0.07,0.30], 2762501 >0.30
3296719 edges, length [0.10,2.44], 445530 <0.71, 2686426 in [0.71,1.41], 164763 >1.41
coarsening 86231 vertices
2423359 tets, quality [0.07,1.00], 12220 in [0.07,0.30], 2411139 >0.30
2864738 edges, length [0.15,2.44], 240891 <0.71, 2462393 in [0.71,1.41], 161454 >1.41
refining 101030 edges
2935931 tets, quality [0.07,1.00], 15693 in [0.07,0.30], 2920238 >0.30
3479015 edges, length [0.10,2.44], 492866 <0.71, 2924045 in [0.71,1.41], 62104 >1.41
coarsening 79733 vertices
2613299 tets, quality [0.07,1.00], 20640 in [0.07,0.30], 2592659 >0.30
3076107 edges, length [0.10,2.44], 285477 <0.71, 2729670 in [0.71,1.41], 60960 >1.41
refining 45647 edges
2824376 tets, quality [0.07,1.00], 23905 in [0.07,0.30], 2800471 >0.30
3332958 edges, length [0.10,2.44], 409394 <0.71, 2907997 in [0.71,1.41], 15567 >1.41
coarsening 46167 vertices
2631781 tets, quality [0.07,1.00], 22894 in [0.07,0.30], 2608887 >0.30
3094019 edges, length [0.14,2.44], 286567 <0.71, 2792194 in [0.71,1.41], 15258 >1.41
refining 12862 edges
2686297 tets, quality [0.07,1.00], 24330 in [0.07,0.30], 2661967 >0.30
3161410 edges, length [0.10,2.36], 322905 <0.71, 2836075 in [0.71,1.41], 2430 >1.41
coarsening 19857 vertices
2597751 tets, quality [0.07,1.00], 22649 in [0.07,0.30], 2575102 >0.30
3052944 edges, length [0.15,2.36], 270837 <0.71, 2779723 in [0.71,1.41], 2384 >1.41
refining 2074 edges
2606031 tets, quality [0.07,1.00], 22953 in [0.07,0.30], 2583078 >0.30
3063299 edges, length [0.13,2.33], 276910 <0.71, 2786071 in [0.71,1.41], 318 >1.41
coarsening 7208 vertices
2571300 tets, quality [0.07,1.00], 22339 in [0.07,0.30], 2548961 >0.30
3021336 edges, length [0.15,2.33], 258666 <0.71, 2762359 in [0.71,1.41], 311 >1.41
refining 192 edges
2572049 tets, quality [0.07,1.00], 22367 in [0.07,0.30], 2549682 >0.30
3022277 edges, length [0.11,1.95], 259263 <0.71, 2762895 in [0.71,1.41], 119 >1.41
coarsening 2350 vertices
2560250 tets, quality [0.07,1.00], 22241 in [0.07,0.30], 2538009 >0.30
3008119 edges, length [0.15,1.95], 253577 <0.71, 2754426 in [0.71,1.41], 116 >1.41
refining 27 edges
2560356 tets, quality [0.07,1.00], 22261 in [0.07,0.30], 2538095 >0.30
3008252 edges, length [0.10,1.95], 253663 <0.71, 2754500 in [0.71,1.41], 89 >1.41
coarsening 645 vertices
2557051 tets, quality [0.07,1.00], 22197 in [0.07,0.30], 2534854 >0.30
3004299 edges, length [0.12,1.95], 252156 <0.71, 2752054 in [0.71,1.41], 89 >1.41
refining 5 edges
2557071 tets, quality [0.07,1.00], 22202 in [0.07,0.30], 2534869 >0.30
3004324 edges, length [0.12,1.95], 252174 <0.71, 2752066 in [0.71,1.41], 84 >1.41
coarsening 133 vertices
2556396 tets, quality [0.07,1.00], 22181 in [0.07,0.30], 2534215 >0.30
3003516 edges, length [0.12,1.95], 251852 <0.71, 2751580 in [0.71,1.41], 84 >1.41
coarsening 29 vertices
2556248 tets, quality [0.07,1.00], 22162 in [0.07,0.30], 2534086 >0.30
3003339 edges, length [0.15,1.95], 251783 <0.71, 2751472 in [0.71,1.41], 84 >1.41
coarsening 6 vertices
2556218 tets, quality [0.07,1.00], 22157 in [0.07,0.30], 2534061 >0.30
3003303 edges, length [0.15,1.95], 251768 <0.71, 2751451 in [0.71,1.41], 84 >1.41
coarsening 3 vertices
2556201 tets, quality [0.07,1.00], 22156 in [0.07,0.30], 2534045 >0.30
3003283 edges, length [0.15,1.95], 251760 <0.71, 2751439 in [0.71,1.41], 84 >1.41
coarsening 1 vertices
2556196 tets, quality [0.07,1.00], 22157 in [0.07,0.30], 2534039 >0.30
3003277 edges, length [0.15,1.95], 251756 <0.71, 2751437 in [0.71,1.41], 84 >1.41
addressing element qualities
swapping 149632 3D edges
2539048 tets, quality [0.07,1.00], 2788 in [0.07,0.30], 2536260 >0.30
2986129 edges, length [0.05,2.13], 252886 <0.71, 2714768 in [0.71,1.41], 18475 >1.41
swapping 12396 3D edges
2536579 tets, quality [0.08,1.00], 257 in [0.07,0.30], 2536322 >0.30
2983660 edges, length [0.05,2.13], 252890 <0.71, 2711216 in [0.71,1.41], 19554 >1.41
swapping 667 3D edges
2536477 tets, quality [0.08,1.00], 43 in [0.07,0.30], 2536434 >0.30
2983558 edges, length [0.05,2.13], 252893 <0.71, 2711073 in [0.71,1.41], 19592 >1.41
swapping 48 3D edges
2536469 tets, quality [0.08,1.00], 27 in [0.07,0.30], 2536442 >0.30
2983550 edges, length [0.05,2.13], 252893 <0.71, 2711060 in [0.71,1.41], 19597 >1.41
swapping 10 3D edges
2536473 tets, quality [0.08,1.00], 26 in [0.07,0.30], 2536447 >0.30
2983554 edges, length [0.05,2.13], 252893 <0.71, 2711066 in [0.71,1.41], 19595 >1.41
swapping 6 3D edges
2536471 tets, quality [0.08,1.00], 25 in [0.07,0.30], 2536446 >0.30
2983552 edges, length [0.05,2.13], 252893 <0.71, 2711068 in [0.71,1.41], 19591 >1.41
swapping 4 3D edges
2536472 tets, quality [0.08,1.00], 25 in [0.07,0.30], 2536447 >0.30
2983553 edges, length [0.05,2.13], 252893 <0.71, 2711070 in [0.71,1.41], 19590 >1.41
swapping 4 3D edges
2536470 tets, quality [0.08,1.00], 24 in [0.07,0.30], 2536446 >0.30
2983551 edges, length [0.05,2.13], 252893 <0.71, 2711067 in [0.71,1.41], 19591 >1.41
swapping 1 3D edges
2536471 tets, quality [0.08,1.00], 25 in [0.07,0.30], 2536446 >0.30
2983552 edges, length [0.05,2.13], 252893 <0.71, 2711068 in [0.71,1.41], 19591 >1.41
swapping 2 3D edges
2536470 tets, quality [0.08,1.00], 25 in [0.07,0.30], 2536445 >0.30
2983551 edges, length [0.05,2.13], 252893 <0.71, 2711067 in [0.71,1.41], 19591 >1.41
swapping 2 3D edges
2536469 tets, quality [0.08,1.00], 25 in [0.07,0.30], 2536444 >0.30
2983550 edges, length [0.05,2.13], 252893 <0.71, 2711065 in [0.71,1.41], 19592 >1.41
swapping 1 3D edges
2536469 tets, quality [0.08,1.00], 25 in [0.07,0.30], 2536444 >0.30
2983550 edges, length [0.05,2.13], 252893 <0.71, 2711064 in [0.71,1.41], 19593 >1.41
coarsening 95 vertices
2535899 tets, quality [0.17,1.00], 7 in [0.07,0.30], 2535892 >0.30
2982879 edges, length [0.15,2.17], 252737 <0.71, 2710365 in [0.71,1.41], 19777 >1.41
swapping 15 3D edges
2535899 tets, quality [0.17,1.00], 6 in [0.07,0.30], 2535893 >0.30
2982879 edges, length [0.15,2.17], 252737 <0.71, 2710366 in [0.71,1.41], 19776 >1.41
swapping 3 3D edges
2535898 tets, quality [0.17,1.00], 5 in [0.07,0.30], 2535893 >0.30
2982878 edges, length [0.15,2.17], 252737 <0.71, 2710365 in [0.71,1.41], 19776 >1.41
swapping 1 3D edges
2535897 tets, quality [0.17,1.00], 5 in [0.07,0.30], 2535892 >0.30
2982877 edges, length [0.15,2.17], 252737 <0.71, 2710364 in [0.71,1.41], 19776 >1.41
coarsening 14 vertices
2535814 tets, quality [0.28,1.00], 2 in [0.07,0.30], 2535812 >0.30
2982780 edges, length [0.15,2.17], 252723 <0.71, 2710255 in [0.71,1.41], 19802 >1.41
swapping 7 3D edges
2535813 tets, quality [0.28,1.00], 2 in [0.07,0.30], 2535811 >0.30
2982779 edges, length [0.15,2.17], 252723 <0.71, 2710255 in [0.71,1.41], 19801 >1.41
swapping 1 3D edges
2535814 tets, quality [0.28,1.00], 2 in [0.07,0.30], 2535812 >0.30
2982780 edges, length [0.15,2.17], 252723 <0.71, 2710256 in [0.71,1.41], 19801 >1.41
coarsening 6 vertices
2535776 tets, quality [0.30,1.00], 2535776 >0.30
2982736 edges, length [0.15,2.33], 252719 <0.71, 2710200 in [0.71,1.41], 19817 >1.41
quality histogram:
0.00-0.10: 0
0.10-0.20: 0
0.20-0.30: 0
0.30-0.40: 11262
0.40-0.50: 32573
0.50-0.60: 133795
0.60-0.70: 435625
0.70-0.80: 779391
0.80-0.90: 812356
0.90-1.00: 330774
length histogram:
0.00-0.30: 66
0.30-0.60: 79975
0.60-0.90: 1083379
0.90-1.20: 1194741
1.20-1.50: 615745
1.50-1.80: 8694
1.80-2.10: 133
2.10-2.40: 3
2.40-2.70: 0
2.70-3.00: 0
average quality: 0.774602
addressing edge lengths took 3.41145 seconds
addressing element qualities took 2.58573 seconds
adapting took 6.01809 seconds

approach_metric moved by factor 0.5
before adapting:
2535776 tets, quality [0.23,1.00], 311 in [0.07,0.30], 2535465 >0.30
2982736 edges, length [0.17,2.68], 95496 <0.71, 2355768 in [0.71,1.41], 531472 >1.41
quality histogram:
0.00-0.10: 0
0.10-0.20: 0
0.20-0.30: 311
0.30-0.40: 11462
0.40-0.50: 35070
0.50-0.60: 142805
0.60-0.70: 445290
0.70-0.80: 777364
0.80-0.90: 801898
0.90-1.00: 321576
length histogram:
0.00-0.30: 22
0.30-0.60: 30370
0.60-0.90: 547069
0.90-1.20: 1203310
1.20-1.50: 895809
1.50-1.80: 301459
1.80-2.10: 4586
2.10-2.40: 106
2.40-2.70: 5
2.70-3.00: 0
average quality: 0.771998
addressing edge lengths
refining 242914 edges
3622178 tets, quality [0.16,1.00], 2102 in [0.07,0.30], 3620076 >0.30
4317021 edges, length [0.16,2.48], 411977 <0.71, 3615235 in [0.71,1.41], 289809 >1.41
coarsening 94380 vertices
3244517 tets, quality [0.07,1.00], 5631 in [0.07,0.30], 3238886 >0.30
3843456 edges, length [0.17,2.48], 224230 <0.71, 3330181 in [0.71,1.41], 289045 >1.41
refining 177530 edges
4106012 tets, quality [0.07,1.00], 8430 in [0.07,0.30], 4097582 >0.30
4884507 edges, length [0.11,2.48], 597256 <0.71, 4175384 in [0.71,1.41], 111867 >1.41
coarsening 142867 vertices
3534528 tets, quality [0.07,1.00], 10609 in [0.07,0.30], 3523919 >0.30
4168809 edges, length [0.13,2.48], 280790 <0.71, 3776557 in [0.71,1.41], 111462 >1.41
refining 89783 edges
3957606 tets, quality [0.07,1.00], 13288 in [0.07,0.30], 3944318 >0.30
4682143 edges, length [0.12,2.48], 502802 <0.71, 4157627 in [0.71,1.41], 21714 >1.41
coarsening 85481 vertices
3610180 tets, quality [0.07,1.00], 14436 in [0.07,0.30], 3595744 >0.30
4248822 edges, length [0.13,2.48], 293337 <0.71, 3933853 in [0.71,1.41], 21632 >1.41
refining 20256 edges
3702184 tets, quality [0.07,1.00], 15594 in [0.07,0.30], 3686590 >0.30
4361118 edges, length [0.12,2.48], 346774 <0.71, 4012961 in [0.71,1.41], 1383 >1.41
coarsening 27408 vertices
3584676 tets, quality [0.07,1.00], 15539 in [0.07,0.30], 3569137 >0.30
4216132 edges, length [0.19,2.48], 279548 <0.71, 3935211 in [0.71,1.41], 1373 >1.41
refining 1282 edges
3590192 tets, quality [0.07,1.00], 15664 in [0.07,0.30], 3574528 >0.30
4222932 edges, length [0.17,2.12], 282945 <0.71, 3939896 in [0.71,1.41], 91 >1.41
coarsening 4683 vertices
3568124 tets, quality [0.07,1.00], 15722 in [0.07,0.30], 3552402 >0.30
4196168 edges, length [0.19,2.12], 272361 <0.71, 3923720 in [0.71,1.41], 87 >1.41
refining 31 edges
3568247 tets, quality [0.07,1.00], 15729 in [0.07,0.30], 3552518 >0.30
4196322 edges, length [0.19,2.12], 272456 <0.71, 3923809 in [0.71,1.41], 57 >1.41
coarsening 568 vertices
3565395 tets, quality [0.07,1.00], 15742 in [0.07,0.30], 3549653 >0.30
4192898 edges, length [0.19,2.12], 271253 <0.71, 3921588 in [0.71,1.41], 57 >1.41
refining 3 edges
3565407 tets, quality [0.07,1.00], 15745 in [0.07,0.30], 3549662 >0.30
4192913 edges, length [0.19,1.91], 271263 <0.71, 3921596 in [0.71,1.41], 54 >1.41
coarsening 60 vertices
3565112 tets, quality [0.07,1.00], 15735 in [0.07,0.30], 3549377 >0.30
4192558 edges, length [0.19,1.91], 271130 <0.71, 3921374 in [0.71,1.41], 54 >1.41
refining 2 edges
3565120 tets, quality [0.07,1.00], 15737 in [0.07,0.30], 3549383 >0.30
4192568 edges, length [0.19,1.91], 271136 <0.71, 3921380 in [0.71,1.41], 52 >1.41
coarsening 17 vertices
3565042 tets, quality [0.07,1.00], 15734 in [0.07,0.30], 3549308 >0.30
4192473 edges, length [0.19,1.91], 271099 <0.71, 3921322 in [0.71,1.41], 52 >1.41
coarsening 5 vertices
3565016 tets, quality [0.07,1.00], 15733 in [0.07,0.30], 3549283 >0.30
4192442 edges, length [0.19,1.91], 271088 <0.71, 3921302 in [0.71,1.41], 52 >1.41
coarsening 1 vertices
3565010 tets, quality [0.07,1.00], 15732 in [0.07,0.30], 3549278 >0.30
4192435 edges, length [0.19,1.91], 271084 <0.71, 3921299 in [0.71,1.41], 52 >1.41
coarsening 1 vertices
3565004 tets, quality [0.07,1.00], 15732 in [0.07,0.30], 3549272 >0.30
4192428 edges, length [0.19,1.91], 271081 <0.71, 3921295 in [0.71,1.41], 52 >1.41
addressing element qualities
swapping 115022 3D edges
3559271 tets, quality [0.07,1.00], 1634 in [0.07,0.30], 3557637 >0.30
4186695 edges, length [0.19,1.95], 272055 <0.71, 3894369 in [0.71,1.41], 20271 >1.41
swapping 6625 3D edges
3557954 tets, quality [0.08,1.00], 104 in [0.07,0.30], 3557850 >0.30
4185378 edges, length [0.19,1.95], 272073 <0.71, 3892388 in [0.71,1.41], 20917 >1.41
swapping 239 3D edges
3557913 tets, quality [0.14,1.00], 24 in [0.07,0.30], 3557889 >0.30
4185337 edges, length [0.19,1.95], 272075 <0.71, 3892336 in [0.71,1.41], 20926 >1.41
swapping 21 3D edges
3557907 tets, quality [0.15,1.00], 17 in [0.07,0.30], 3557890 >0.30
4185331 edges, length [0.19,1.95], 272075 <0.71, 3892326 in [0.71,1.41], 20930 >1.41
swapping 2 3D edges
3557906 tets, quality [0.15,1.00], 17 in [0.07,0.30], 3557889 >0.30
4185330 edges, length [0.19,1.95], 272075 <0.71, 3892325 in [0.71,1.41], 20930 >1.41
coarsening 70 vertices
3557493 tets, quality [0.15,1.00], 8 in [0.07,0.30], 3557485 >0.30
4184839 edges, length [0.19,2.16], 271999 <0.71, 3891742 in [0.71,1.41], 21098 >1.41
swapping 31 3D edges
3557495 tets, quality [0.15,1.00], 8 in [0.07,0.30], 3557487 >0.30
4184841 edges, length [0.19,2.16], 271999 <0.71, 3891747 in [0.71,1.41], 21095 >1.41
swapping 14 3D edges
3557500 tets, quality [0.15,1.00], 6 in [0.07,0.30], 3557494 >0.30
4184846 edges, length [0.19,2.16], 271999 <0.71, 3891747 in [0.71,1.41], 21100 >1.41
swapping 1 3D edges
3557500 tets, quality [0.15,1.00], 6 in [0.07,0.30], 3557494 >0.30
4184846 edges, length [0.19,2.16], 271999 <0.71, 3891747 in [0.71,1.41], 21100 >1.41
coarsening 24 vertices
3557369 tets, quality [0.23,1.00], 1 in [0.07,0.30], 3557368 >0.30
4184687 edges, length [0.19,2.23], 271979 <0.71, 3891560 in [0.71,1.41], 21148 >1.41
swapping 3 3D edges
3557370 tets, quality [0.23,1.00], 1 in [0.07,0.30], 3557369 >0.30
4184688 edges, length [0.19,2.23], 271979 <0.71, 3891563 in [0.71,1.41], 21146 >1.41
swapping 1 3D edges
3557369 tets, quality [0.30,1.00], 3557369 >0.30
4184687 edges, length [0.19,2.23], 271979 <0.71, 3891562 in [0.71,1.41], 21146 >1.41
quality histogram:
0.00-0.10: 0
0.10-0.20: 0
0.20-0.30: 0
0.30-0.40: 13674
0.40-0.50: 37304
0.50-0.60: 149565
0.60-0.70: 524393
0.70-0.80: 1043944
0.80-0.90: 1232050
0.90-1.00: 556439
length histogram:
0.00-0.30: 53
0.30-0.60: 78717
0.60-0.90: 1336404
0.90-1.20: 1842098
1.20-1.50: 918387
1.50-1.80: 8919
1.80-2.10: 105
2.10-2.40: 4
2.40-2.70: 0
2.70-3.00: 0
average quality: 0.787893
addressing edge lengths took 3.38415 seconds
addressing element qualities took 1.88971 seconds
adapting took 5.29886 seconds

before adapting:
3557369 tets, quality [0.24,1.00], 355 in [0.07,0.30], 3557014 >0.30
4184687 edges, length [0.22,2.52], 94020 <0.71, 3286664 in [0.71,1.41], 804003 >1.41
quality histogram:
0.00-0.10: 0
0.10-0.20: 0
0.20-0.30: 355
0.30-0.40: 13751
0.40-0.50: 40244
0.50-0.60: 160804
0.60-0.70: 542721
0.70-0.80: 1050223
0.80-0.90: 1217068
0.90-1.00: 532203
length histogram:
0.00-0.30: 13
0.30-0.60: 24925
0.60-0.90: 673873
0.90-1.20: 1613004
1.20-1.50: 1414980
1.50-1.80: 453293
1.80-2.10: 4520
2.10-2.40: 76
2.40-2.70: 3
2.70-3.00: 0
average quality: 0.784651
addressing edge lengths
refining 360969 edges
5173495 tets, quality [0.20,1.00], 2580 in [0.07,0.30], 5170915 >0.30
6168082 edges, length [0.14,2.52], 506621 <0.71, 5216676 in [0.71,1.41], 444785 >1.41
coarsening 122655 vertices
4684791 tets, quality [0.07,1.00], 6107 in [0.07,0.30], 4678684 >0.30
5555153 edges, length [0.22,2.52], 278085 <0.71, 4833284 in [0.71,1.41], 443784 >1.41
refining 271028 edges
6013579 tets, quality [0.07,1.00], 9466 in [0.07,0.30], 6004113 >0.30
7157547 edges, length [0.09,2.29], 823348 <0.71, 6160966 in [0.71,1.41], 173233 >1.41
coarsening 210823 vertices
5171497 tets, quality [0.07,1.00], 12825 in [0.07,0.30], 5158672 >0.30
6103056 edges, length [0.12,2.29], 376103 <0.71, 5554172 in [0.71,1.41], 172781 >1.41
refining 138716 edges
5835379 tets, quality [0.07,1.00], 16336 in [0.07,0.30], 5819043 >0.30
6906301 edges, length [0.10,2.14], 711309 <0.71, 6160882 in [0.71,1.41], 34110 >1.41
coarsening 126502 vertices
5323897 tets, quality [0.07,1.00], 19302 in [0.07,0.30], 5304595 >0.30
6267788 edges, length [0.12,2.14], 406278 <0.71, 5827516 in [0.71,1.41], 33994 >1.41
refining 31905 edges
5471628 tets, quality [0.07,1.00], 20697 in [0.07,0.30], 5450931 >0.30
6447492 edges, length [0.12,1.87], 490168 <0.71, 5955230 in [0.71,1.41], 2094 >1.41
coarsening 39382 vertices
5305563 tets, quality [0.07,1.00], 21281 in [0.07,0.30], 5284282 >0.30
6241941 edges, length [0.19,1.87], 393154 <0.71, 5846708 in [0.71,1.41], 2079 >1.41
refining 1946 edges
5314131 tets, quality [0.07,1.00], 21445 in [0.07,0.30], 5292686 >0.30
6252456 edges, length [0.19,1.73], 398459 <0.71, 5853864 in [0.71,1.41], 133 >1.41
coarsening 5898 vertices
5286977 tets, quality [0.07,1.00], 21695 in [0.07,0.30], 5265282 >0.30
6219385 edges, length [0.19,1.73], 385007 <0.71, 5834245 in [0.71,1.41], 133 >1.41
refining 44 edges
5287160 tets, quality [0.07,1.00], 21702 in [0.07,0.30], 5265458 >0.30
6219612 edges, length [0.19,1.66], 385129 <0.71, 5834394 in [0.71,1.41], 89 >1.41
coarsening 606 vertices
5284153 tets, quality [0.07,1.00], 21723 in [0.07,0.30], 5262430 >0.30
6215999 edges, length [0.19,1.66], 383793 <0.71, 5832117 in [0.71,1.41], 89 >1.41
refining 1 edges
5284156 tets, quality [0.07,1.00], 21723 in [0.07,0.30], 5262433 >0.30
6216003 edges, length [0.19,1.66], 383796 <0.71, 5832119 in [0.71,1.41], 88 >1.41
coarsening 73 vertices
5283793 tets, quality [0.07,1.00], 21722 in [0.07,0.30], 5262071 >0.30
6215566 edges, length [0.19,1.66], 383639 <0.71, 5831839 in [0.71,1.41], 88 >1.41
coarsening 10 vertices
5283741 tets, quality [0.07,1.00], 21725 in [0.07,0.30], 5262016 >0.30
6215504 edges, length [0.19,1.66], 383615 <0.71, 5831801 in [0.71,1.41], 88 >1.41
addressing element qualities
swapping 155682 3D edges
5280625 tets, quality [0.07,1.00], 2123 in [0.07,0.30], 5278502 >0.30
6212388 edges, length [0.19,2.03], 384932 <0.71, 5798117 in [0.71,1.41], 29339 >1.41
swapping 8171 3D edges
5279028 tets, quality [0.07,1.00], 124 in [0.07,0.30], 5278904 >0.30
6210791 edges, length [0.19,2.03], 384949 <0.71, 5795699 in [0.71,1.41], 30143 >1.41
swapping 278 3D edges
5278971 tets, quality [0.09,1.00], 29 in [0.07,0.30], 5278942 >0.30
6210734 edges, length [0.19,2.03], 384948 <0.71, 5795630 in [0.71,1.41], 30156 >1.41
swapping 19 3D edges
5278963 tets, quality [0.09,1.00], 19 in [0.07,0.30], 5278944 >0.30
6210726 edges, length [0.19,2.03], 384948 <0.71, 5795624 in [0.71,1.41], 30154 >1.41
swapping 4 3D edges
5278961 tets, quality [0.09,1.00], 16 in [0.07,0.30], 5278945 >0.30
6210724 edges, length [0.19,2.03], 384948 <0.71, 5795622 in [0.71,1.41], 30154 >1.41
coarsening 87 vertices
5278437 tets, quality [0.16,1.00], 5 in [0.07,0.30], 5278432 >0.30
6210108 edges, length [0.19,2.07], 384854 <0.71, 5794903 in [0.71,1.41], 30351 >1.41
swapping 17 3D edges
5278440 tets, quality [0.16,1.00], 4 in [0.07,0.30], 5278436 >0.30
6210111 edges, length [0.19,2.07], 384854 <0.71, 5794905 in [0.71,1.41], 30352 >1.41
swapping 6 3D edges
5278440 tets, quality [0.16,1.00], 3 in [0.07,0.30], 5278437 >0.30
6210111 edges, length [0.19,2.07], 384854 <0.71, 5794908 in [0.71,1.41], 30349 >1.41
coarsening 14 vertices
5278358 tets, quality [0.16,1.00], 2 in [0.07,0.30], 5278356 >0.30
6210015 edges, length [0.19,2.22], 384841 <0.71, 5794779 in [0.71,1.41], 30395 >1.41
swapping 10 3D edges
5278359 tets, quality [0.30,1.00], 5278359 >0.30
6210016 edges, length [0.19,2.22], 384841 <0.71, 5794777 in [0.71,1.41], 30398 >1.41
quality histogram:
0.00-0.10: 0
0.10-0.20: 0
0.20-0.30: 0
0.30-0.40: 18342
0.40-0.50: 49319
0.50-0.60: 204310
0.60-0.70: 772010
0.70-0.80: 1579615
0.80-0.90: 1849771
0.90-1.00: 804992
length histogram:
0.00-0.30: 57
0.30-0.60: 107666
0.60-0.90: 1955061
0.90-1.20: 2665116
1.20-1.50: 1469294
1.50-1.80: 12671
1.80-2.10: 150
2.10-2.40: 1
2.40-2.70: 0
2.70-3.00: 0
average quality: 0.788783
addressing edge lengths took 3.79418 seconds
addressing element qualities took 2.84115 seconds
adapting took 6.69643 seconds

